#
# A fatal error has been detected by the Java Runtime Environment:
#
#  SIGSEGV (0xb) at pc=0x00007fb525739672, pid=103133, tid=103164
#
# JRE version: OpenJDK Runtime Environment Zulu11.48+21-CA (11.0.11+9) (build 11.0.11+9-LTS)
# Java VM: OpenJDK 64-Bit Server VM Zulu11.48+21-CA (11.0.11+9-LTS, mixed mode, tiered, compressed oops, g1 gc, linux-amd64)
# Problematic frame:
# V  [libjvm.so+0x7ff672]  G1ParScanThreadState::copy_to_survivor_space(InCSetState, oopDesc*, markOopDesc*)+0x1d2
#
# No core dump will be written. Core dumps have been disabled. To enable core dumping, try "ulimit -c unlimited" before starting Java again
#
# If you would like to submit a bug report, please visit:
#   http://www.azulsystems.com/support/
#

---------------  S U M M A R Y ------------

Command Line: -Dfile.encoding=UTF-8 -Duser.country=BR -Duser.language=pt -Duser.variant com.github.carlacou.cities.api.Application

Host: Intel(R) Pentium(R) CPU G4560 @ 3.50GHz, 4 cores, 7G, Ubuntu 20.04.2 LTS
Time: Wed Aug 11 23:14:32 2021 -03 elapsed time: 54.988590 seconds (0d 0h 0m 54s)

---------------  T H R E A D  ---------------

Current thread (0x00007fb4ec005000):  GCTaskThread "GC Thread#3" [stack: 0x00007fb4de0d7000,0x00007fb4de1d7000] [id=103164]

Stack: [0x00007fb4de0d7000,0x00007fb4de1d7000],  sp=0x00007fb4de1d5960,  free space=1018k
Native frames: (J=compiled Java code, A=aot compiled Java code, j=interpreted, Vv=VM code, C=native code)
V  [libjvm.so+0x7ff672]  G1ParScanThreadState::copy_to_survivor_space(InCSetState, oopDesc*, markOopDesc*)+0x1d2
V  [libjvm.so+0x7c2f4b]  void G1ParScanThreadState::do_oop_evac<unsigned int>(unsigned int*)+0x6b
V  [libjvm.so+0x80e92c]  G1ParScanThreadState::trim_queue_partially()+0x27c
V  [libjvm.so+0x80eb66]  G1RefineCardClosure::do_card_ptr(signed char*, unsigned int)+0x46
V  [libjvm.so+0x770938]  DirtyCardQueueSet::apply_closure_during_gc(CardTableEntryClosure*, unsigned int)+0x108
V  [libjvm.so+0x7b8d7a]  G1CollectedHeap::iterate_dirty_card_closure(CardTableEntryClosure*, unsigned int)+0x3a
V  [libjvm.so+0x809c23]  G1RemSet::update_rem_set(G1ParScanThreadState*, unsigned int)+0xe3
V  [libjvm.so+0x809d4b]  G1RemSet::oops_into_collection_set_do(G1ParScanThreadState*, unsigned int)+0x1b
V  [libjvm.so+0x7c5a1d]  G1ParTask::work(unsigned int)+0xfd
V  [libjvm.so+0xf3031d]  GangWorker::loop()+0x4d
V  [libjvm.so+0xe9594b]  Thread::call_run()+0x15b
V  [libjvm.so+0xc5ccb8]  thread_native_entry(Thread*)+0xf8


siginfo: si_signo: 11 (SIGSEGV), si_code: 1 (SEGV_MAPERR), si_addr: 0x0000000000000110

Register to memory mapping:

RAX=0x0 is NULL
RBX=0x0000000088c30d38 is an oop: 
[error occurred during error reporting (printing register info), id 0xb, SIGSEGV (0xb) at pc=0x00007fb525b77ccd]

Registers:
RAX=0x0000000000000000, RBX=0x0000000088c30d38, RCX=0x0000000000000003, RDX=0x0000000000000001
RSP=0x00007fb4de1d5960, RBP=0x00007fb4de1d59c0, RSI=0x0000000088c30d38, RDI=0x00000001000148a0
R8 =0x0000000000000000, R9 =0x00007fb4a8000be0, R10=0x0000000000000001, R11=0x0000000000000003
R12=0x00007fb4a8000be0, R13=0x00007fb526483f40, R14=0x00007fb520031840, R15=0x00007fb4a8000be0
RIP=0x00007fb525739672, EFLAGS=0x0000000000010246, CSGSFS=0x002b000000000033, ERR=0x0000000000000004
  TRAPNO=0x000000000000000e

Top of Stack: (sp=0x00007fb4de1d5960)
0x00007fb4de1d5960:   0000000100000000 0000000000000003
0x00007fb4de1d5970:   00007f0100000006 0000000000000019
0x00007fb4de1d5980:   00007fb4de1d59c0 00007fb5256fe9ed
0x00007fb4de1d5990:   000000008a7202a8 00000000860ec500 

Instructions: (pc=0x00007fb525739672)
0x00007fb525739572:   48 c1 e8 03 49 39 c5 0f 87 ce 01 00 00 4b 8d 04
0x00007fb525739582:   ee 4d 85 f6 49 89 47 30 0f 84 b8 01 00 00 48 8d
0x00007fb525739592:   05 81 e1 d2 00 48 8b 00 41 0f 18 0c 06 4c 89 f1
0x00007fb5257395a2:   48 8b 13 48 83 c9 03 eb 19 0f 1f 44 00 00 48 89
0x00007fb5257395b2:   d0 f0 48 0f b1 0b 48 39 d0 0f 84 df 00 00 00 48
0x00007fb5257395c2:   89 c2 48 89 d0 83 e0 03 48 83 f8 03 75 e0 48 8d
0x00007fb5257395d2:   05 e1 eb d2 00 4c 8b 3b 80 38 00 0f 85 a5 00 00
0x00007fb5257395e2:   00 49 83 e7 fc 0f 84 b3 00 00 00 0f b6 75 b4 49
0x00007fb5257395f2:   8b 7c 24 60 4c 89 e9 4c 89 f2 e8 2f 8f fa ff 4c
0x00007fb525739602:   89 f8 48 83 c4 38 5b 41 5c 41 5d 41 5e 41 5f 5d
0x00007fb525739612:   c3 0f 1f 44 00 00 3c 02 0f 85 1c ff ff ff 48 8b
0x00007fb525739622:   55 b8 48 89 de 4c 89 e7 e8 f1 fc ff ff 48 83 c4
0x00007fb525739632:   38 5b 41 5c 41 5d 41 5e 41 5f 5d c3 66 90 48 8d
0x00007fb525739642:   05 e9 a8 d4 00 8b 7b 08 8b 48 08 48 d3 e7 48 03
0x00007fb525739652:   38 8b 47 08 83 f8 00 0f 8f 81 fe ff ff 0f 85 ee
0x00007fb525739662:   02 00 00 0f 1f 00 48 8b 07 44 88 55 b4 48 89 de
0x00007fb525739672:   ff 90 10 01 00 00 44 0f b6 55 b4 e9 69 fe ff ff
0x00007fb525739682:   66 0f 1f 44 00 00 4c 89 f8 83 e0 07 48 83 f8 05
0x00007fb525739692:   0f 85 4b ff ff ff 0f 1f 84 00 00 00 00 00 49 83
0x00007fb5257396a2:   fd 08 0f 87 32 01 00 00 48 8d 05 1f 9e 7c 00 4a
0x00007fb5257396b2:   63 14 a8 48 01 d0 ff e0 66 0f 1f 44 00 00 f6 45
0x00007fb5257396c2:   b8 01 48 8b 45 b8 0f 84 02 01 00 00 48 c1 e8 03
0x00007fb5257396d2:   41 89 c3 41 83 e3 0f 45 3b 9c 24 6c 01 00 00 0f
0x00007fb5257396e2:   83 39 fe ff ff ba 01 00 00 00 31 c9 c6 45 b4 01
0x00007fb5257396f2:   e9 51 fe ff ff 66 0f 1f 84 00 00 00 00 00 48 8d
0x00007fb525739702:   35 91 eb d2 00 0f b7 d0 49 8b 4f 38 4d 8b 77 30
0x00007fb525739712:   48 3b 16 0f 8f b5 01 00 00 4d 85 f6 74 28 49 8b
0x00007fb525739722:   47 38 4d 89 77 30 4c 29 f0 48 c1 e8 03 49 39 c5
0x00007fb525739732:   77 14 4b 8d 04 ee 49 89 47 30 e9 4f fe ff ff 0f
0x00007fb525739742:   1f 80 00 00 00 00 49 8b 7c 24 60 0f b6 75 b4 48
0x00007fb525739752:   8d 4d ce 4c 89 ea 44 88 55 a4 44 89 5d a8 c6 45
0x00007fb525739762:   ce 00 e8 b7 8a fa ff 48 85 c0 49 89 c6 44 8b 5d 


Stack slot to memory mapping:
stack at sp + 0 slots: 0x0000000100000000 is pointing into metadata
stack at sp + 1 slots: 0x0000000000000003 is an unknown value
stack at sp + 2 slots: 0x00007f0100000006 is an unknown value
stack at sp + 3 slots: 0x0000000000000019 is an unknown value
stack at sp + 4 slots: 0x00007fb4de1d59c0 points into unknown readable memory: 0x00007fb4de1d59f0 | f0 59 1d de b4 7f 00 00
stack at sp + 5 slots: 0x00007fb5256fe9ed: <offset 0x00000000007c49ed> in /home/carla/.jdks/azul-11.0.11/lib/server/libjvm.so at 0x00007fb524f3a000
stack at sp + 6 slots: 0x000000008a7202a8 is pointing into object: [Ljava.util.concurrent.ConcurrentHashMap$Node; 
{0x000000008a71ebf8} - klass: 'java/util/concurrent/ConcurrentHashMap$Node'[]
 - length: 4096
stack at sp + 7 slots: 0x00000000860ec500 is pointing into object: java.lang.invoke.MethodType 
{0x00000000860ec4f0} - klass: 'java/lang/invoke/MethodType'


---------------  P R O C E S S  ---------------

Threads class SMR info:
_java_thread_list=0x00007fb498000b60, length=25, elements={
0x00007fb520145800, 0x00007fb520149800, 0x00007fb52015e800, 0x00007fb520160800,
0x00007fb520162800, 0x00007fb520164800, 0x00007fb520166800, 0x00007fb5201fd800,
0x00007fb520f60000, 0x00007fb4b0226800, 0x00007fb520f8a800, 0x00007fb52104b800,
0x00007fb520ede800, 0x00007fb520edf800, 0x00007fb520ee1000, 0x00007fb520ee3000,
0x00007fb521507000, 0x00007fb521509000, 0x00007fb52150b000, 0x00007fb52150d000,
0x00007fb5218a7800, 0x00007fb5218a9800, 0x00007fb521973800, 0x00007fb521977000,
0x00007fb520018800
}

Java Threads: ( => current thread )
  0x00007fb520145800 JavaThread "Reference Handler" daemon [_thread_blocked, id=103149, stack(0x00007fb4fc6a5000,0x00007fb4fc7a6000)]
  0x00007fb520149800 JavaThread "Finalizer" daemon [_thread_blocked, id=103150, stack(0x00007fb4fc5a4000,0x00007fb4fc6a5000)]
  0x00007fb52015e800 JavaThread "Signal Dispatcher" daemon [_thread_blocked, id=103151, stack(0x00007fb4dfeff000,0x00007fb4e0000000)]
  0x00007fb520160800 JavaThread "Service Thread" daemon [_thread_blocked, id=103152, stack(0x00007fb4dfdfe000,0x00007fb4dfeff000)]
  0x00007fb520162800 JavaThread "C2 CompilerThread0" daemon [_thread_blocked, id=103153, stack(0x00007fb4dfcfd000,0x00007fb4dfdfe000)]
  0x00007fb520164800 JavaThread "C1 CompilerThread0" daemon [_thread_blocked, id=103154, stack(0x00007fb4dfbfc000,0x00007fb4dfcfd000)]
  0x00007fb520166800 JavaThread "Sweeper thread" daemon [_thread_blocked, id=103155, stack(0x00007fb4dfafb000,0x00007fb4dfbfc000)]
  0x00007fb5201fd800 JavaThread "Common-Cleaner" daemon [_thread_blocked, id=103157, stack(0x00007fb4df8f8000,0x00007fb4df9f9000)]
  0x00007fb520f60000 JavaThread "Catalina-utility-1" [_thread_blocked, id=103166, stack(0x00007fb4de7bd000,0x00007fb4de8be000)]
  0x00007fb4b0226800 JavaThread "Catalina-utility-2" [_thread_blocked, id=103167, stack(0x00007fb4dd194000,0x00007fb4dd295000)]
  0x00007fb520f8a800 JavaThread "container-0" [_thread_blocked, id=103168, stack(0x00007fb4dd093000,0x00007fb4dd194000)]
  0x00007fb52104b800 JavaThread "HikariPool-1 housekeeper" daemon [_thread_blocked, id=103170, stack(0x00007fb4dcb8f000,0x00007fb4dcc90000)]
  0x00007fb520ede800 JavaThread "http-nio-8080-exec-1" daemon [_thread_blocked, id=103181, stack(0x00007fb49f8ff000,0x00007fb49fa00000)]
  0x00007fb520edf800 JavaThread "http-nio-8080-exec-2" daemon [_thread_blocked, id=103182, stack(0x00007fb49f7fe000,0x00007fb49f8ff000)]
  0x00007fb520ee1000 JavaThread "http-nio-8080-exec-3" daemon [_thread_blocked, id=103183, stack(0x00007fb49f6fd000,0x00007fb49f7fe000)]
  0x00007fb520ee3000 JavaThread "http-nio-8080-exec-4" daemon [_thread_blocked, id=103184, stack(0x00007fb49f5fc000,0x00007fb49f6fd000)]
  0x00007fb521507000 JavaThread "http-nio-8080-exec-5" daemon [_thread_blocked, id=103185, stack(0x00007fb49f4fb000,0x00007fb49f5fc000)]
  0x00007fb521509000 JavaThread "http-nio-8080-exec-6" daemon [_thread_blocked, id=103186, stack(0x00007fb49f3fa000,0x00007fb49f4fb000)]
  0x00007fb52150b000 JavaThread "http-nio-8080-exec-7" daemon [_thread_blocked, id=103187, stack(0x00007fb49f2f9000,0x00007fb49f3fa000)]
  0x00007fb52150d000 JavaThread "http-nio-8080-exec-8" daemon [_thread_blocked, id=103188, stack(0x00007fb49f1f8000,0x00007fb49f2f9000)]
  0x00007fb5218a7800 JavaThread "http-nio-8080-exec-9" daemon [_thread_blocked, id=103189, stack(0x00007fb49f0f7000,0x00007fb49f1f8000)]
  0x00007fb5218a9800 JavaThread "http-nio-8080-exec-10" daemon [_thread_blocked, id=103190, stack(0x00007fb49eff6000,0x00007fb49f0f7000)]
  0x00007fb521973800 JavaThread "http-nio-8080-Poller" daemon [_thread_in_native, id=103191, stack(0x00007fb49eef5000,0x00007fb49eff6000)]
  0x00007fb521977000 JavaThread "http-nio-8080-Acceptor" daemon [_thread_in_native, id=103192, stack(0x00007fb49ebf4000,0x00007fb49ecf5000)]
  0x00007fb520018800 JavaThread "DestroyJavaVM" [_thread_blocked, id=103135, stack(0x00007fb524cea000,0x00007fb524deb000)]

Other Threads:
  0x00007fb52013d800 VMThread "VM Thread" [stack: 0x00007fb4fc7a8000,0x00007fb4fc8a8000] [id=103148]
  0x00007fb5201f0800 WatcherThread [stack: 0x00007fb4df9fb000,0x00007fb4dfafb000] [id=103156]
  0x00007fb520030000 GCTaskThread "GC Thread#0" [stack: 0x00007fb52418c000,0x00007fb52428c000] [id=103143]
  0x00007fb4ec001000 GCTaskThread "GC Thread#1" [stack: 0x00007fb4df0cd000,0x00007fb4df1cd000] [id=103160]
  0x00007fb4ec003800 GCTaskThread "GC Thread#2" [stack: 0x00007fb4de1d9000,0x00007fb4de2d9000] [id=103163]
=>0x00007fb4ec005000 GCTaskThread "GC Thread#3" [stack: 0x00007fb4de0d7000,0x00007fb4de1d7000] [id=103164]
  0x00007fb520061000 ConcurrentGCThread "G1 Main Marker" [stack: 0x00007fb5081de000,0x00007fb5082de000] [id=103144]
  0x00007fb520063000 ConcurrentGCThread "G1 Conc#0" [stack: 0x00007fb5080dc000,0x00007fb5081dc000] [id=103145]
  0x00007fb5200db000 ConcurrentGCThread "G1 Refine#0" [stack: 0x00007fb4fd22d000,0x00007fb4fd32d000] [id=103146]
  0x00007fb5200dd000 ConcurrentGCThread "G1 Young RemSet Sampling" [stack: 0x00007fb4fd12b000,0x00007fb4fd22b000] [id=103147]

Threads with active compile tasks:

VM state:at safepoint (normal execution)

VM Mutex/Monitor currently owned by a thread:  ([mutex/lock_event])
[0x00007fb520015490] Threads_lock - owner thread: 0x00007fb52013d800
[0x00007fb520015c70] Heap_lock - owner thread: 0x00007fb520ede800

Heap address: 0x0000000085600000, size: 1962 MB, Compressed Oops mode: 32-bit
Narrow klass base: 0x0000000000000000, Narrow klass shift: 3
Compressed class space size: 1073741824 Address: 0x0000000100000000

Heap:
 garbage-first heap   total 152576K, used 78881K [0x0000000085600000, 0x0000000100000000)
  region size 1024K, 69 young (70656K), 9 survivors (9216K)
 Metaspace       used 58584K, capacity 60065K, committed 60160K, reserved 1101824K
  class space    used 7436K, capacity 8042K, committed 8064K, reserved 1048576K
Heap Regions: E=young(eden), S=young(survivor), O=old, HS=humongous(starts), HC=humongous(continues), CS=collection set, F=free, A=archive, TAMS=top-at-mark-start (previous, next)
|   0|0x0000000085600000, 0x0000000085700000, 0x0000000085700000|100%|HS|  |TAMS 0x0000000085700000, 0x0000000085700000| Complete 
|   1|0x0000000085700000, 0x0000000085800000, 0x0000000085800000|100%| O|  |TAMS 0x0000000085800000, 0x0000000085800000| Untracked 
|   2|0x0000000085800000, 0x0000000085900000, 0x0000000085900000|100%| O|  |TAMS 0x0000000085900000, 0x0000000085900000| Untracked 
|   3|0x0000000085900000, 0x0000000085a00000, 0x0000000085a00000|100%| O|  |TAMS 0x0000000085a00000, 0x0000000085a00000| Untracked 
|   4|0x0000000085a00000, 0x0000000085b00000, 0x0000000085b00000|100%| O|  |TAMS 0x0000000085b00000, 0x0000000085b00000| Untracked 
|   5|0x0000000085b00000, 0x0000000085c00000, 0x0000000085c00000|100%| O|  |TAMS 0x0000000085c00000, 0x0000000085c00000| Untracked 
|   6|0x0000000085c00000, 0x0000000085d00000, 0x0000000085d00000|100%| O|  |TAMS 0x0000000085d00000, 0x0000000085d00000| Untracked 
|   7|0x0000000085d00000, 0x0000000085e00000, 0x0000000085e00000|100%| O|  |TAMS 0x0000000085d72800, 0x0000000085e00000| Untracked 
|   8|0x0000000085e00000, 0x0000000085f00000, 0x0000000085f00000|100%| O|  |TAMS 0x0000000085e00000, 0x0000000085f00000| Untracked 
|   9|0x0000000085f00000, 0x0000000086000000, 0x0000000086000000|100%| O|  |TAMS 0x0000000085f00000, 0x0000000086000000| Untracked 
|  10|0x0000000086000000, 0x0000000086100000, 0x0000000086100000|100%| O|  |TAMS 0x0000000086000000, 0x0000000086100000| Untracked 
|  11|0x0000000086100000, 0x0000000086200000, 0x0000000086200000|100%| O|  |TAMS 0x0000000086100000, 0x0000000086200000| Untracked 
|  12|0x0000000086200000, 0x0000000086200000, 0x0000000086300000|  0%| O|  |TAMS 0x0000000086200000, 0x0000000086300000| Untracked 
|  13|0x0000000086300000, 0x0000000086300000, 0x0000000086400000|  0%| F|  |TAMS 0x0000000086300000, 0x0000000086300000| Untracked 
|  14|0x0000000086400000, 0x0000000086400000, 0x0000000086500000|  0%| F|  |TAMS 0x0000000086400000, 0x0000000086400000| Untracked 
|  15|0x0000000086500000, 0x0000000086500000, 0x0000000086600000|  0%| F|  |TAMS 0x0000000086500000, 0x0000000086500000| Untracked 
|  16|0x0000000086600000, 0x0000000086600000, 0x0000000086700000|  0%| F|  |TAMS 0x0000000086600000, 0x0000000086600000| Untracked 
|  17|0x0000000086700000, 0x0000000086700000, 0x0000000086800000|  0%| F|  |TAMS 0x0000000086700000, 0x0000000086700000| Untracked 
|  18|0x0000000086800000, 0x0000000086800000, 0x0000000086900000|  0%| F|  |TAMS 0x0000000086800000, 0x0000000086800000| Untracked 
|  19|0x0000000086900000, 0x0000000086900000, 0x0000000086a00000|  0%| F|  |TAMS 0x0000000086900000, 0x0000000086900000| Untracked 
|  20|0x0000000086a00000, 0x0000000086a00000, 0x0000000086b00000|  0%| F|  |TAMS 0x0000000086a00000, 0x0000000086a00000| Untracked 
|  21|0x0000000086b00000, 0x0000000086b00000, 0x0000000086c00000|  0%| F|  |TAMS 0x0000000086b00000, 0x0000000086b00000| Untracked 
|  22|0x0000000086c00000, 0x0000000086c00000, 0x0000000086d00000|  0%| F|  |TAMS 0x0000000086c00000, 0x0000000086c00000| Untracked 
|  23|0x0000000086d00000, 0x0000000086d00000, 0x0000000086e00000|  0%| F|  |TAMS 0x0000000086d00000, 0x0000000086d00000| Untracked 
|  24|0x0000000086e00000, 0x0000000086e00000, 0x0000000086f00000|  0%| F|  |TAMS 0x0000000086e00000, 0x0000000086e00000| Untracked 
|  25|0x0000000086f00000, 0x0000000086f00000, 0x0000000087000000|  0%| F|  |TAMS 0x0000000086f00000, 0x0000000086f00000| Untracked 
|  26|0x0000000087000000, 0x0000000087000000, 0x0000000087100000|  0%| F|  |TAMS 0x0000000087000000, 0x0000000087000000| Untracked 
|  27|0x0000000087100000, 0x0000000087100000, 0x0000000087200000|  0%| F|  |TAMS 0x0000000087100000, 0x0000000087100000| Untracked 
|  28|0x0000000087200000, 0x0000000087200000, 0x0000000087300000|  0%| F|  |TAMS 0x0000000087200000, 0x0000000087200000| Untracked 
|  29|0x0000000087300000, 0x0000000087300000, 0x0000000087400000|  0%| F|  |TAMS 0x0000000087300000, 0x0000000087300000| Untracked 
|  30|0x0000000087400000, 0x0000000087400000, 0x0000000087500000|  0%| F|  |TAMS 0x0000000087400000, 0x0000000087400000| Untracked 
|  31|0x0000000087500000, 0x0000000087500000, 0x0000000087600000|  0%| F|  |TAMS 0x0000000087500000, 0x0000000087500000| Untracked 
|  32|0x0000000087600000, 0x0000000087600000, 0x0000000087700000|  0%| F|  |TAMS 0x0000000087600000, 0x0000000087600000| Untracked 
|  33|0x0000000087700000, 0x0000000087700000, 0x0000000087800000|  0%| F|  |TAMS 0x0000000087700000, 0x0000000087700000| Untracked 
|  34|0x0000000087800000, 0x0000000087800000, 0x0000000087900000|  0%| F|  |TAMS 0x0000000087800000, 0x0000000087800000| Untracked 
|  35|0x0000000087900000, 0x0000000087900000, 0x0000000087a00000|  0%| F|  |TAMS 0x0000000087900000, 0x0000000087900000| Untracked 
|  36|0x0000000087a00000, 0x0000000087a00000, 0x0000000087b00000|  0%| F|  |TAMS 0x0000000087a00000, 0x0000000087a00000| Untracked 
|  37|0x0000000087b00000, 0x0000000087b00000, 0x0000000087c00000|  0%| F|  |TAMS 0x0000000087b00000, 0x0000000087b00000| Untracked 
|  38|0x0000000087c00000, 0x0000000087c00000, 0x0000000087d00000|  0%| F|  |TAMS 0x0000000087c00000, 0x0000000087c00000| Untracked 
|  39|0x0000000087d00000, 0x0000000087d00000, 0x0000000087e00000|  0%| F|  |TAMS 0x0000000087d00000, 0x0000000087d00000| Untracked 
|  40|0x0000000087e00000, 0x0000000087e00000, 0x0000000087f00000|  0%| F|  |TAMS 0x0000000087e00000, 0x0000000087e00000| Untracked 
|  41|0x0000000087f00000, 0x0000000087f00000, 0x0000000088000000|  0%| F|  |TAMS 0x0000000087f00000, 0x0000000087f00000| Untracked 
|  42|0x0000000088000000, 0x0000000088000000, 0x0000000088100000|  0%| F|  |TAMS 0x0000000088000000, 0x0000000088000000| Untracked 
|  43|0x0000000088100000, 0x0000000088100000, 0x0000000088200000|  0%| F|  |TAMS 0x0000000088100000, 0x0000000088100000| Untracked 
|  44|0x0000000088200000, 0x0000000088200000, 0x0000000088300000|  0%| F|  |TAMS 0x0000000088200000, 0x0000000088200000| Untracked 
|  45|0x0000000088300000, 0x0000000088300000, 0x0000000088400000|  0%| F|  |TAMS 0x0000000088300000, 0x0000000088300000| Untracked 
|  46|0x0000000088400000, 0x0000000088400000, 0x0000000088500000|  0%| F|  |TAMS 0x0000000088400000, 0x0000000088400000| Untracked 
|  47|0x0000000088500000, 0x0000000088500000, 0x0000000088600000|  0%| F|  |TAMS 0x0000000088500000, 0x0000000088500000| Untracked 
|  48|0x0000000088600000, 0x0000000088600000, 0x0000000088700000|  0%| F|  |TAMS 0x0000000088600000, 0x0000000088600000| Untracked 
|  49|0x0000000088700000, 0x0000000088700000, 0x0000000088800000|  0%| F|  |TAMS 0x0000000088700000, 0x0000000088700000| Untracked 
|  50|0x0000000088800000, 0x0000000088800000, 0x0000000088900000|  0%| F|  |TAMS 0x0000000088800000, 0x0000000088800000| Untracked 
|  51|0x0000000088900000, 0x0000000088949ac8, 0x0000000088a00000| 28%| E|CS|TAMS 0x0000000088900000, 0x0000000088949ac8| Complete 
|  52|0x0000000088a00000, 0x0000000088b00000, 0x0000000088b00000|100%| E|CS|TAMS 0x0000000088a00000, 0x0000000088b00000| Complete 
|  53|0x0000000088b00000, 0x0000000088c00000, 0x0000000088c00000|100%| E|CS|TAMS 0x0000000088b00000, 0x0000000088c00000| Complete 
|  54|0x0000000088c00000, 0x0000000088d00000, 0x0000000088d00000|100%| E|CS|TAMS 0x0000000088c00000, 0x0000000088d00000| Complete 
|  55|0x0000000088d00000, 0x0000000088e00000, 0x0000000088e00000|100%| E|CS|TAMS 0x0000000088d00000, 0x0000000088e00000| Complete 
|  56|0x0000000088e00000, 0x0000000088f00000, 0x0000000088f00000|100%| E|CS|TAMS 0x0000000088e00000, 0x0000000088f00000| Complete 
|  57|0x0000000088f00000, 0x0000000089000000, 0x0000000089000000|100%| E|CS|TAMS 0x0000000088f00000, 0x0000000089000000| Complete 
|  58|0x0000000089000000, 0x0000000089100000, 0x0000000089100000|100%| E|CS|TAMS 0x0000000089000000, 0x0000000089100000| Complete 
|  59|0x0000000089100000, 0x0000000089200000, 0x0000000089200000|100%| E|CS|TAMS 0x0000000089100000, 0x0000000089200000| Complete 
|  60|0x0000000089200000, 0x0000000089300000, 0x0000000089300000|100%| E|CS|TAMS 0x0000000089200000, 0x0000000089300000| Complete 
|  61|0x0000000089300000, 0x0000000089300000, 0x0000000089400000|  0%| F|  |TAMS 0x0000000089300000, 0x0000000089300000| Untracked 
|  62|0x0000000089400000, 0x0000000089400000, 0x0000000089500000|  0%| F|  |TAMS 0x0000000089400000, 0x0000000089400000| Untracked 
|  63|0x0000000089500000, 0x0000000089500000, 0x0000000089600000|  0%| F|  |TAMS 0x0000000089500000, 0x0000000089500000| Untracked 
|  64|0x0000000089600000, 0x0000000089600000, 0x0000000089700000|  0%| F|  |TAMS 0x0000000089600000, 0x0000000089600000| Untracked 
|  65|0x0000000089700000, 0x0000000089700000, 0x0000000089800000|  0%| F|  |TAMS 0x0000000089700000, 0x0000000089700000| Untracked 
|  66|0x0000000089800000, 0x0000000089800000, 0x0000000089900000|  0%| F|  |TAMS 0x0000000089800000, 0x0000000089800000| Untracked 
|  67|0x0000000089900000, 0x0000000089900000, 0x0000000089a00000|  0%| F|  |TAMS 0x0000000089900000, 0x0000000089900000| Untracked 
|  68|0x0000000089a00000, 0x0000000089a00000, 0x0000000089b00000|  0%| F|  |TAMS 0x0000000089a00000, 0x0000000089a00000| Untracked 
|  69|0x0000000089b00000, 0x0000000089b00000, 0x0000000089c00000|  0%| F|  |TAMS 0x0000000089b00000, 0x0000000089b00000| Untracked 
|  70|0x0000000089c00000, 0x0000000089c00000, 0x0000000089d00000|  0%| F|  |TAMS 0x0000000089c00000, 0x0000000089c00000| Untracked 
|  71|0x0000000089d00000, 0x0000000089d00000, 0x0000000089e00000|  0%| F|  |TAMS 0x0000000089d00000, 0x0000000089d00000| Untracked 
|  72|0x0000000089e00000, 0x0000000089e00000, 0x0000000089f00000|  0%| F|  |TAMS 0x0000000089e00000, 0x0000000089e00000| Untracked 
|  73|0x0000000089f00000, 0x0000000089f00000, 0x000000008a000000|  0%| F|  |TAMS 0x0000000089f00000, 0x0000000089f00000| Untracked 
|  74|0x000000008a000000, 0x000000008a000000, 0x000000008a100000|  0%| F|  |TAMS 0x000000008a000000, 0x000000008a000000| Untracked 
|  75|0x000000008a100000, 0x000000008a100000, 0x000000008a200000|  0%| F|  |TAMS 0x000000008a100000, 0x000000008a100000| Untracked 
|  76|0x000000008a200000, 0x000000008a200000, 0x000000008a300000|  0%| F|  |TAMS 0x000000008a200000, 0x000000008a200000| Untracked 
|  77|0x000000008a300000, 0x000000008a300000, 0x000000008a400000|  0%| F|  |TAMS 0x000000008a300000, 0x000000008a300000| Untracked 
|  78|0x000000008a400000, 0x000000008a400000, 0x000000008a500000|  0%| F|  |TAMS 0x000000008a400000, 0x000000008a400000| Untracked 
|  79|0x000000008a500000, 0x000000008a500000, 0x000000008a600000|  0%| F|  |TAMS 0x000000008a500000, 0x000000008a500000| Untracked 
|  80|0x000000008a600000, 0x000000008a6cb760, 0x000000008a700000| 79%| S|  |TAMS 0x000000008a600000, 0x000000008a600000| Complete 
|  81|0x000000008a700000, 0x000000008a800000, 0x000000008a800000|100%| S|  |TAMS 0x000000008a700000, 0x000000008a700000| Complete 
|  82|0x000000008a800000, 0x000000008a900000, 0x000000008a900000|100%| S|  |TAMS 0x000000008a800000, 0x000000008a800000| Complete 
|  83|0x000000008a900000, 0x000000008aa00000, 0x000000008aa00000|100%| S|  |TAMS 0x000000008a900000, 0x000000008a900000| Complete 
|  84|0x000000008aa00000, 0x000000008ab00000, 0x000000008ab00000|100%| S|  |TAMS 0x000000008aa00000, 0x000000008aa00000| Complete 
|  85|0x000000008ab00000, 0x000000008ac00000, 0x000000008ac00000|100%| S|  |TAMS 0x000000008ab00000, 0x000000008ab00000| Complete 
|  86|0x000000008ac00000, 0x000000008ad00000, 0x000000008ad00000|100%| S|  |TAMS 0x000000008ac00000, 0x000000008ac00000| Complete 
|  87|0x000000008ad00000, 0x000000008ae00000, 0x000000008ae00000|100%| S|  |TAMS 0x000000008ad00000, 0x000000008ad00000| Complete 
|  88|0x000000008ae00000, 0x000000008af00000, 0x000000008af00000|100%| S|  |TAMS 0x000000008ae00000, 0x000000008ae00000| Complete 
|  89|0x000000008af00000, 0x000000008af65a00, 0x000000008b000000| 39%| E|CS|TAMS 0x000000008af00000, 0x000000008af65a00| Complete 
|  90|0x000000008b000000, 0x000000008b100000, 0x000000008b100000|100%| E|CS|TAMS 0x000000008b000000, 0x000000008b100000| Complete 
|  91|0x000000008b100000, 0x000000008b200000, 0x000000008b200000|100%| E|CS|TAMS 0x000000008b100000, 0x000000008b200000| Complete 
|  92|0x000000008b200000, 0x000000008b300000, 0x000000008b300000|100%| E|CS|TAMS 0x000000008b200000, 0x000000008b300000| Complete 
|  93|0x000000008b300000, 0x000000008b400000, 0x000000008b400000|100%| E|CS|TAMS 0x000000008b300000, 0x000000008b400000| Complete 
|  94|0x000000008b400000, 0x000000008b500000, 0x000000008b500000|100%| E|CS|TAMS 0x000000008b400000, 0x000000008b500000| Complete 
|  95|0x000000008b500000, 0x000000008b600000, 0x000000008b600000|100%| E|CS|TAMS 0x000000008b500000, 0x000000008b600000| Complete 
|  96|0x000000008b600000, 0x000000008b700000, 0x000000008b700000|100%| E|CS|TAMS 0x000000008b600000, 0x000000008b700000| Complete 
|  97|0x000000008b700000, 0x000000008b800000, 0x000000008b800000|100%| E|CS|TAMS 0x000000008b700000, 0x000000008b800000| Complete 
|  98|0x000000008b800000, 0x000000008b900000, 0x000000008b900000|100%| E|CS|TAMS 0x000000008b800000, 0x000000008b900000| Complete 
|  99|0x000000008b900000, 0x000000008ba00000, 0x000000008ba00000|100%| E|CS|TAMS 0x000000008b900000, 0x000000008ba00000| Complete 
| 100|0x000000008ba00000, 0x000000008bb00000, 0x000000008bb00000|100%| E|CS|TAMS 0x000000008ba00000, 0x000000008bb00000| Complete 
| 101|0x000000008bb00000, 0x000000008bc00000, 0x000000008bc00000|100%| E|CS|TAMS 0x000000008bb00000, 0x000000008bc00000| Complete 
| 102|0x000000008bc00000, 0x000000008bd00000, 0x000000008bd00000|100%| E|CS|TAMS 0x000000008bc00000, 0x000000008bd00000| Complete 
| 103|0x000000008bd00000, 0x000000008be00000, 0x000000008be00000|100%| E|CS|TAMS 0x000000008bd00000, 0x000000008be00000| Complete 
| 104|0x000000008be00000, 0x000000008bf00000, 0x000000008bf00000|100%| E|CS|TAMS 0x000000008be00000, 0x000000008bf00000| Complete 
| 105|0x000000008bf00000, 0x000000008c000000, 0x000000008c000000|100%| E|CS|TAMS 0x000000008bf00000, 0x000000008c000000| Complete 
| 106|0x000000008c000000, 0x000000008c100000, 0x000000008c100000|100%| E|CS|TAMS 0x000000008c000000, 0x000000008c100000| Complete 
| 107|0x000000008c100000, 0x000000008c200000, 0x000000008c200000|100%| E|CS|TAMS 0x000000008c100000, 0x000000008c200000| Complete 
| 108|0x000000008c200000, 0x000000008c300000, 0x000000008c300000|100%| E|CS|TAMS 0x000000008c200000, 0x000000008c300000| Complete 
| 109|0x000000008c300000, 0x000000008c400000, 0x000000008c400000|100%| E|CS|TAMS 0x000000008c300000, 0x000000008c400000| Complete 
| 110|0x000000008c400000, 0x000000008c500000, 0x000000008c500000|100%| E|CS|TAMS 0x000000008c400000, 0x000000008c500000| Complete 
| 111|0x000000008c500000, 0x000000008c600000, 0x000000008c600000|100%| E|CS|TAMS 0x000000008c500000, 0x000000008c600000| Complete 
| 112|0x000000008c600000, 0x000000008c700000, 0x000000008c700000|100%| E|CS|TAMS 0x000000008c600000, 0x000000008c700000| Complete 
| 113|0x000000008c700000, 0x000000008c800000, 0x000000008c800000|100%| E|CS|TAMS 0x000000008c700000, 0x000000008c800000| Complete 
| 114|0x000000008c800000, 0x000000008c900000, 0x000000008c900000|100%| E|CS|TAMS 0x000000008c800000, 0x000000008c900000| Complete 
| 115|0x000000008c900000, 0x000000008ca00000, 0x000000008ca00000|100%| E|CS|TAMS 0x000000008c900000, 0x000000008ca00000| Complete 
| 116|0x000000008ca00000, 0x000000008cb00000, 0x000000008cb00000|100%| E|CS|TAMS 0x000000008ca00000, 0x000000008cb00000| Complete 
| 117|0x000000008cb00000, 0x000000008cc00000, 0x000000008cc00000|100%| E|CS|TAMS 0x000000008cb00000, 0x000000008cc00000| Complete 
| 118|0x000000008cc00000, 0x000000008cd00000, 0x000000008cd00000|100%| E|CS|TAMS 0x000000008cc00000, 0x000000008cd00000| Complete 
| 119|0x000000008cd00000, 0x000000008ce00000, 0x000000008ce00000|100%| E|CS|TAMS 0x000000008cd00000, 0x000000008ce00000| Complete 
| 120|0x000000008ce00000, 0x000000008cf00000, 0x000000008cf00000|100%| E|CS|TAMS 0x000000008ce00000, 0x000000008cf00000| Complete 
| 121|0x000000008cf00000, 0x000000008d000000, 0x000000008d000000|100%| E|CS|TAMS 0x000000008cf00000, 0x000000008d000000| Complete 
| 122|0x000000008d000000, 0x000000008d100000, 0x000000008d100000|100%| E|CS|TAMS 0x000000008d000000, 0x000000008d100000| Complete 
| 123|0x000000008d100000, 0x000000008d200000, 0x000000008d200000|100%| E|CS|TAMS 0x000000008d100000, 0x000000008d200000| Complete 
| 124|0x000000008d200000, 0x000000008d300000, 0x000000008d300000|100%| E|CS|TAMS 0x000000008d200000, 0x000000008d300000| Complete 
| 125|0x000000008d300000, 0x000000008d400000, 0x000000008d400000|100%| E|CS|TAMS 0x000000008d300000, 0x000000008d400000| Complete 
| 126|0x000000008d400000, 0x000000008d500000, 0x000000008d500000|100%| E|CS|TAMS 0x000000008d400000, 0x000000008d500000| Complete 
| 127|0x000000008d500000, 0x000000008d600000, 0x000000008d600000|100%| E|CS|TAMS 0x000000008d500000, 0x000000008d600000| Complete 
| 128|0x000000008d600000, 0x000000008d700000, 0x000000008d700000|100%| E|CS|TAMS 0x000000008d600000, 0x000000008d700000| Complete 
| 129|0x000000008d700000, 0x000000008d800000, 0x000000008d800000|100%| E|CS|TAMS 0x000000008d700000, 0x000000008d800000| Complete 
| 130|0x000000008d800000, 0x000000008d900000, 0x000000008d900000|100%| E|CS|TAMS 0x000000008d800000, 0x000000008d900000| Complete 
| 131|0x000000008d900000, 0x000000008da00000, 0x000000008da00000|100%| E|CS|TAMS 0x000000008d900000, 0x000000008da00000| Complete 
| 132|0x000000008da00000, 0x000000008db00000, 0x000000008db00000|100%| E|CS|TAMS 0x000000008da00000, 0x000000008db00000| Complete 
| 133|0x000000008db00000, 0x000000008dc00000, 0x000000008dc00000|100%| E|CS|TAMS 0x000000008db00000, 0x000000008dc00000| Complete 
| 134|0x000000008dc00000, 0x000000008dd00000, 0x000000008dd00000|100%| E|CS|TAMS 0x000000008dc00000, 0x000000008dd00000| Complete 
| 135|0x000000008dd00000, 0x000000008de00000, 0x000000008de00000|100%| E|CS|TAMS 0x000000008dd00000, 0x000000008de00000| Complete 
| 136|0x000000008de00000, 0x000000008df00000, 0x000000008df00000|100%| E|CS|TAMS 0x000000008de00000, 0x000000008df00000| Complete 
| 137|0x000000008df00000, 0x000000008e000000, 0x000000008e000000|100%| E|CS|TAMS 0x000000008df00000, 0x000000008e000000| Complete 
| 138|0x000000008e000000, 0x000000008e100000, 0x000000008e100000|100%| E|CS|TAMS 0x000000008e000000, 0x000000008e100000| Complete 
| 139|0x000000008e100000, 0x000000008e200000, 0x000000008e200000|100%| E|CS|TAMS 0x000000008e100000, 0x000000008e200000| Complete 
| 140|0x000000008e200000, 0x000000008e300000, 0x000000008e300000|100%| E|CS|TAMS 0x000000008e200000, 0x000000008e300000| Complete 
| 141|0x000000008e300000, 0x000000008e400000, 0x000000008e400000|100%| E|CS|TAMS 0x000000008e300000, 0x000000008e400000| Complete 
| 142|0x000000008e400000, 0x000000008e500000, 0x000000008e500000|100%| E|CS|TAMS 0x000000008e400000, 0x000000008e500000| Complete 
| 143|0x000000008e500000, 0x000000008e600000, 0x000000008e600000|100%| E|CS|TAMS 0x000000008e500000, 0x000000008e600000| Complete 
| 144|0x000000008e600000, 0x000000008e700000, 0x000000008e700000|100%| E|CS|TAMS 0x000000008e600000, 0x000000008e700000| Complete 
| 145|0x000000008e700000, 0x000000008e800000, 0x000000008e800000|100%| E|CS|TAMS 0x000000008e700000, 0x000000008e800000| Complete 
| 146|0x000000008e800000, 0x000000008e900000, 0x000000008e900000|100%| E|CS|TAMS 0x000000008e800000, 0x000000008e900000| Complete 
| 147|0x000000008e900000, 0x000000008ea00000, 0x000000008ea00000|100%| E|CS|TAMS 0x000000008e900000, 0x000000008ea00000| Complete 
| 148|0x000000008ea00000, 0x000000008eb00000, 0x000000008eb00000|100%| E|CS|TAMS 0x000000008ea00000, 0x000000008eb00000| Complete 

Card table byte_map: [0x00007fb503856000,0x00007fb503c2b000] _byte_map_base: 0x00007fb50342b000

Marking Bits (Prev, Next): (CMBitMap*) 0x00007fb5200585d8, (CMBitMap*) 0x00007fb520058610
 Prev Bits: [0x00007fb5015d9000, 0x00007fb503481000)
 Next Bits: [0x00007fb4ff731000, 0x00007fb5015d9000)

Polling page: 0x00007fb526971000

Metaspace:

Usage:
  Non-class:     50,80 MB capacity,    49,95 MB ( 98%) used,   686,38 KB (  1%) free+waste,   188,25 KB ( <1%) overhead. 
      Class:      7,85 MB capacity,     7,26 MB ( 92%) used,   517,23 KB (  6%) free+waste,    88,50 KB (  1%) overhead. 
       Both:     58,66 MB capacity,    57,21 MB ( 98%) used,     1,18 MB (  2%) free+waste,   276,75 KB ( <1%) overhead. 

Virtual space:
  Non-class space:       52,00 MB reserved,      50,88 MB ( 98%) committed 
      Class space:        1,00 GB reserved,       7,88 MB ( <1%) committed 
             Both:        1,05 GB reserved,      58,75 MB (  5%) committed 

Chunk freelists:
   Non-Class:  53,00 KB
       Class:  22,00 KB
        Both:  75,00 KB

MaxMetaspaceSize: unlimited
CompressedClassSpaceSize: 1,00 GB

CodeHeap 'non-profiled nmethods': size=120032Kb used=2475Kb max_used=2475Kb free=117557Kb
 bounds [0x00007fb5100a9000, 0x00007fb510319000, 0x00007fb5175e1000]
CodeHeap 'profiled nmethods': size=120032Kb used=9296Kb max_used=9296Kb free=110735Kb
 bounds [0x00007fb508b71000, 0x00007fb509491000, 0x00007fb5100a9000]
CodeHeap 'non-nmethods': size=5696Kb used=1153Kb max_used=1240Kb free=4542Kb
 bounds [0x00007fb5085e1000, 0x00007fb508851000, 0x00007fb508b71000]
 total_blobs=4928 nmethods=4395 adapters=446
 compilation: enabled
              stopped_count=0, restarted_count=0
 full_count=0

Compilation events (20 events):
Event: 53,561 Thread 0x00007fb520164800 4424       3       java.util.concurrent.ScheduledThreadPoolExecutor$ScheduledFutureTask::compareTo (101 bytes)
Event: 53,563 Thread 0x00007fb520164800 nmethod 4424 0x00007fb509483790 code [0x00007fb5094839a0, 0x00007fb509484150]
Event: 54,916 Thread 0x00007fb520164800 4425       3       java.lang.ThreadLocal$ThreadLocalMap$Entry::<init> (11 bytes)
Event: 54,916 Thread 0x00007fb520164800 nmethod 4425 0x00007fb509484310 code [0x00007fb5094844e0, 0x00007fb509484890]
Event: 54,927 Thread 0x00007fb520164800 4426       3       java.io.FilterInputStream::available (8 bytes)
Event: 54,927 Thread 0x00007fb520164800 nmethod 4426 0x00007fb509484a10 code [0x00007fb509484bc0, 0x00007fb509484d80]
Event: 54,931 Thread 0x00007fb520162800 4427   !   4       jdk.internal.loader.URLClassPath$JarLoader::checkResource (78 bytes)
Event: 54,939 Thread 0x00007fb520162800 nmethod 4427 0x00007fb510311910 code [0x00007fb510311b20, 0x00007fb510312228]
Event: 54,939 Thread 0x00007fb520162800 4428       4       java.util.ArrayDeque::poll (5 bytes)
Event: 54,941 Thread 0x00007fb520162800 nmethod 4428 0x00007fb510312790 code [0x00007fb510312920, 0x00007fb510312a18]
Event: 54,941 Thread 0x00007fb520162800 4429   !   4       java.util.zip.Inflater::reset (64 bytes)
Event: 54,944 Thread 0x00007fb520162800 nmethod 4429 0x00007fb510312b10 code [0x00007fb510312cc0, 0x00007fb510313168]
Event: 54,945 Thread 0x00007fb520164800 4430       1       sun.util.calendar.CalendarDate::getYear (5 bytes)
Event: 54,945 Thread 0x00007fb520164800 nmethod 4430 0x00007fb510313310 code [0x00007fb5103134c0, 0x00007fb510313570]
Event: 54,945 Thread 0x00007fb520164800 4431       1       java.util.Calendar::getFirstDayOfWeek (5 bytes)
Event: 54,945 Thread 0x00007fb520164800 nmethod 4431 0x00007fb510313610 code [0x00007fb5103137c0, 0x00007fb510313870]
Event: 54,945 Thread 0x00007fb520164800 4432       1       java.util.Calendar::getMinimalDaysInFirstWeek (5 bytes)
Event: 54,945 Thread 0x00007fb520164800 nmethod 4432 0x00007fb510313910 code [0x00007fb510313ac0, 0x00007fb510313b70]
Event: 54,947 Thread 0x00007fb520164800 4433       3       java.util.logging.LogManager$LoggerContext::getGlobalLogger (6 bytes)
Event: 54,947 Thread 0x00007fb520164800 nmethod 4433 0x00007fb509484e90 code [0x00007fb509485040, 0x00007fb509485150]

GC Heap History (17 events):
Event: 0,453 GC heap before
{Heap before GC invocations=0 (full 0):
 garbage-first heap   total 126976K, used 14336K [0x0000000085600000, 0x0000000100000000)
  region size 1024K, 14 young (14336K), 0 survivors (0K)
 Metaspace       used 9202K, capacity 9329K, committed 9600K, reserved 1058816K
  class space    used 843K, capacity 878K, committed 896K, reserved 1048576K
}
Event: 0,458 GC heap after
{Heap after GC invocations=1 (full 0):
 garbage-first heap   total 126976K, used 5520K [0x0000000085600000, 0x0000000100000000)
  region size 1024K, 2 young (2048K), 2 survivors (2048K)
 Metaspace       used 9202K, capacity 9329K, committed 9600K, reserved 1058816K
  class space    used 843K, capacity 878K, committed 896K, reserved 1048576K
}
Event: 0,684 GC heap before
{Heap before GC invocations=1 (full 0):
 garbage-first heap   total 126976K, used 14736K [0x0000000085600000, 0x0000000100000000)
  region size 1024K, 11 young (11264K), 2 survivors (2048K)
 Metaspace       used 11815K, capacity 12133K, committed 12416K, reserved 1060864K
  class space    used 1192K, capacity 1288K, committed 1408K, reserved 1048576K
}
Event: 0,688 GC heap after
{Heap after GC invocations=2 (full 0):
 garbage-first heap   total 126976K, used 6313K [0x0000000085600000, 0x0000000100000000)
  region size 1024K, 1 young (1024K), 1 survivors (1024K)
 Metaspace       used 11815K, capacity 12133K, committed 12416K, reserved 1060864K
  class space    used 1192K, capacity 1288K, committed 1408K, reserved 1048576K
}
Event: 1,349 GC heap before
{Heap before GC invocations=2 (full 0):
 garbage-first heap   total 126976K, used 33961K [0x0000000085600000, 0x0000000100000000)
  region size 1024K, 28 young (28672K), 1 survivors (1024K)
 Metaspace       used 18527K, capacity 19012K, committed 19200K, reserved 1067008K
  class space    used 2022K, capacity 2231K, committed 2304K, reserved 1048576K
}
Event: 1,356 GC heap after
{Heap after GC invocations=3 (full 0):
 garbage-first heap   total 126976K, used 7863K [0x0000000085600000, 0x0000000100000000)
  region size 1024K, 3 young (3072K), 3 survivors (3072K)
 Metaspace       used 18527K, capacity 19012K, committed 19200K, reserved 1067008K
  class space    used 2022K, capacity 2231K, committed 2304K, reserved 1048576K
}
Event: 1,466 GC heap before
{Heap before GC invocations=3 (full 0):
 garbage-first heap   total 126976K, used 17079K [0x0000000085600000, 0x0000000100000000)
  region size 1024K, 13 young (13312K), 3 survivors (3072K)
 Metaspace       used 20484K, capacity 20985K, committed 21248K, reserved 1069056K
  class space    used 2229K, capacity 2440K, committed 2560K, reserved 1048576K
}
Event: 1,472 GC heap after
{Heap after GC invocations=4 (full 0):
 garbage-first heap   total 126976K, used 8310K [0x0000000085600000, 0x0000000100000000)
  region size 1024K, 3 young (3072K), 3 survivors (3072K)
 Metaspace       used 20484K, capacity 20985K, committed 21248K, reserved 1069056K
  class space    used 2229K, capacity 2440K, committed 2560K, reserved 1048576K
}
Event: 1,623 GC heap before
{Heap before GC invocations=5 (full 0):
 garbage-first heap   total 126976K, used 57462K [0x0000000085600000, 0x0000000100000000)
  region size 1024K, 52 young (53248K), 3 survivors (3072K)
 Metaspace       used 23284K, capacity 23865K, committed 24192K, reserved 1071104K
  class space    used 2608K, capacity 2847K, committed 2944K, reserved 1048576K
}
Event: 1,628 GC heap after
{Heap after GC invocations=6 (full 0):
 garbage-first heap   total 152576K, used 8791K [0x0000000085600000, 0x0000000100000000)
  region size 1024K, 4 young (4096K), 4 survivors (4096K)
 Metaspace       used 23284K, capacity 23865K, committed 24192K, reserved 1071104K
  class space    used 2608K, capacity 2847K, committed 2944K, reserved 1048576K
}
Event: 2,904 GC heap before
{Heap before GC invocations=6 (full 0):
 garbage-first heap   total 152576K, used 79447K [0x0000000085600000, 0x0000000100000000)
  region size 1024K, 73 young (74752K), 4 survivors (4096K)
 Metaspace       used 31879K, capacity 32846K, committed 33152K, reserved 1079296K
  class space    used 3762K, capacity 4141K, committed 4224K, reserved 1048576K
}
Event: 2,912 GC heap after
{Heap after GC invocations=7 (full 0):
 garbage-first heap   total 152576K, used 12820K [0x0000000085600000, 0x0000000100000000)
  region size 1024K, 7 young (7168K), 7 survivors (7168K)
 Metaspace       used 31879K, capacity 32846K, committed 33152K, reserved 1079296K
  class space    used 3762K, capacity 4141K, committed 4224K, reserved 1048576K
}
Event: 3,154 GC heap before
{Heap before GC invocations=7 (full 0):
 garbage-first heap   total 152576K, used 66068K [0x0000000085600000, 0x0000000100000000)
  region size 1024K, 61 young (62464K), 7 survivors (7168K)
 Metaspace       used 34719K, capacity 35685K, committed 35840K, reserved 1081344K
  class space    used 4048K, capacity 4447K, committed 4480K, reserved 1048576K
}
Event: 3,172 GC heap after
{Heap after GC invocations=8 (full 0):
 garbage-first heap   total 152576K, used 14155K [0x0000000085600000, 0x0000000100000000)
  region size 1024K, 7 young (7168K), 7 survivors (7168K)
 Metaspace       used 34719K, capacity 35685K, committed 35840K, reserved 1081344K
  class space    used 4048K, capacity 4447K, committed 4480K, reserved 1048576K
}
Event: 4,669 GC heap before
{Heap before GC invocations=9 (full 0):
 garbage-first heap   total 152576K, used 97099K [0x0000000085600000, 0x0000000100000000)
  region size 1024K, 88 young (90112K), 7 survivors (7168K)
 Metaspace       used 51288K, capacity 52496K, committed 53120K, reserved 1095680K
  class space    used 6480K, capacity 6954K, committed 7040K, reserved 1048576K
}
Event: 4,689 GC heap after
{Heap after GC invocations=10 (full 0):
 garbage-first heap   total 152576K, used 18058K [0x0000000085600000, 0x0000000100000000)
  region size 1024K, 10 young (10240K), 10 survivors (10240K)
 Metaspace       used 51288K, capacity 52496K, committed 53120K, reserved 1095680K
  class space    used 6480K, capacity 6954K, committed 7040K, reserved 1048576K
}
Event: 54,949 GC heap before
{Heap before GC invocations=10 (full 0):
 garbage-first heap   total 152576K, used 78474K [0x0000000085600000, 0x0000000100000000)
  region size 1024K, 70 young (71680K), 10 survivors (10240K)
 Metaspace       used 58584K, capacity 60065K, committed 60160K, reserved 1101824K
  class space    used 7436K, capacity 8042K, committed 8064K, reserved 1048576K
}

Deoptimization events (20 events):
Event: 5,267 Thread 0x00007fb520018800 Uncommon trap: trap_request=0xffffff4d fr.pc=0x00007fb51025cbe8 relative=0x0000000000000228
Event: 5,267 Thread 0x00007fb520018800 Uncommon trap: reason=unstable_if action=reinterpret pc=0x00007fb51025cbe8 method=java.util.concurrent.ConcurrentHashMap.get(Ljava/lang/Object;)Ljava/lang/Object; @ 86 c2
Event: 5,267 Thread 0x00007fb520018800 DEOPT PACKING pc=0x00007fb51025cbe8 sp=0x00007fb524de50b0
Event: 5,267 Thread 0x00007fb520018800 DEOPT UNPACKING pc=0x00007fb50860629f sp=0x00007fb524de5038 mode 2
Event: 5,412 Thread 0x00007fb520018800 Uncommon trap: trap_request=0xffffff4d fr.pc=0x00007fb5101776fc relative=0x000000000000127c
Event: 5,412 Thread 0x00007fb520018800 Uncommon trap: reason=unstable_if action=reinterpret pc=0x00007fb5101776fc method=java.util.concurrent.ConcurrentHashMap.transfer([Ljava/util/concurrent/ConcurrentHashMap$Node;[Ljava/util/concurrent/ConcurrentHashMap$Node;)V @ 352 c2
Event: 5,412 Thread 0x00007fb520018800 DEOPT PACKING pc=0x00007fb5101776fc sp=0x00007fb524de8500
Event: 5,412 Thread 0x00007fb520018800 DEOPT UNPACKING pc=0x00007fb50860629f sp=0x00007fb524de8498 mode 2
Event: 5,413 Thread 0x00007fb520018800 Uncommon trap: trap_request=0xffffff4d fr.pc=0x00007fb510169fa0 relative=0x0000000000001040
Event: 5,413 Thread 0x00007fb520018800 Uncommon trap: reason=unstable_if action=reinterpret pc=0x00007fb510169fa0 method=java.util.concurrent.ConcurrentHashMap.transfer([Ljava/util/concurrent/ConcurrentHashMap$Node;[Ljava/util/concurrent/ConcurrentHashMap$Node;)V @ 352 c2
Event: 5,413 Thread 0x00007fb520018800 DEOPT PACKING pc=0x00007fb510169fa0 sp=0x00007fb524de8520
Event: 5,413 Thread 0x00007fb520018800 DEOPT UNPACKING pc=0x00007fb50860629f sp=0x00007fb524de8498 mode 2
Event: 5,568 Thread 0x00007fb520018800 Uncommon trap: trap_request=0xffffff4d fr.pc=0x00007fb51012eefc relative=0x000000000000005c
Event: 5,568 Thread 0x00007fb520018800 Uncommon trap: reason=unstable_if action=reinterpret pc=0x00007fb51012eefc method=org.springframework.util.ConcurrentReferenceHashMap$Segment.clear()V @ 7 c2
Event: 5,568 Thread 0x00007fb520018800 DEOPT PACKING pc=0x00007fb51012eefc sp=0x00007fb524de91e0
Event: 5,568 Thread 0x00007fb520018800 DEOPT UNPACKING pc=0x00007fb50860629f sp=0x00007fb524de9190 mode 2
Event: 5,573 Thread 0x00007fb520018800 Uncommon trap: trap_request=0xffffff4d fr.pc=0x00007fb5101be8e0 relative=0x0000000000000120
Event: 5,573 Thread 0x00007fb520018800 Uncommon trap: reason=unstable_if action=reinterpret pc=0x00007fb5101be8e0 method=java.util.IdentityHashMap.nextKeyIndex(II)I @ 4 c2
Event: 5,573 Thread 0x00007fb520018800 DEOPT PACKING pc=0x00007fb5101be8e0 sp=0x00007fb524de8e10
Event: 5,573 Thread 0x00007fb520018800 DEOPT UNPACKING pc=0x00007fb50860629f sp=0x00007fb524de8d38 mode 2

Classes redefined (0 events):
No events

Internal exceptions (20 events):
Event: 5,087 Thread 0x00007fb520018800 Exception <a 'java/lang/ClassNotFoundException'{0x000000008d1002c8}: java/lang/ObjectCustomizer> (0x000000008d1002c8) thrown at [./src/hotspot/share/classfile/systemDictionary.cpp, line 234]
Event: 5,087 Thread 0x00007fb520018800 Exception <a 'java/lang/ClassNotFoundException'{0x000000008d10e130}: com/github/carlacou/cities/api/states/StateCustomizer> (0x000000008d10e130) thrown at [./src/hotspot/share/classfile/systemDictionary.cpp, line 234]
Event: 5,157 Thread 0x00007fb520018800 Exception <a 'java/lang/ClassNotFoundException'{0x000000008cc75da0}: java/lang/ObjectCustomizer> (0x000000008cc75da0) thrown at [./src/hotspot/share/classfile/systemDictionary.cpp, line 234]
Event: 5,158 Thread 0x00007fb520018800 Exception <a 'java/lang/ClassNotFoundException'{0x000000008cc86eb8}: org/springframework/web/servlet/config/annotation/WebMvcConfigurationSupportCustomizer> (0x000000008cc86eb8) thrown at [./src/hotspot/share/classfile/systemDictionary.cpp, line 234]
Event: 5,159 Thread 0x00007fb520018800 Exception <a 'java/lang/ClassNotFoundException'{0x000000008cca4250}: org/springframework/web/servlet/config/annotation/DelegatingWebMvcConfigurationCustomizer> (0x000000008cca4250) thrown at [./src/hotspot/share/classfile/systemDictionary.cpp, line 234]
Event: 5,159 Thread 0x00007fb520018800 Exception <a 'java/lang/ClassNotFoundException'{0x000000008ccb8808}: org/springframework/boot/autoconfigure/web/servlet/WebMvcAutoConfiguration$EnableWebMvcConfigurationCustomizer> (0x000000008ccb8808) thrown at [./src/hotspot/share/classfile/systemDictionary.cpp, line 234]
Event: 5,160 Thread 0x00007fb520018800 Exception <a 'java/lang/ClassNotFoundException'{0x000000008ccd2af8}: org/springframework/context/ResourceLoaderAwareCustomizer> (0x000000008ccd2af8) thrown at [./src/hotspot/share/classfile/systemDictionary.cpp, line 234]
Event: 5,160 Thread 0x00007fb520018800 Exception <a 'java/lang/ClassNotFoundException'{0x000000008ccdda78}: org/springframework/beans/factory/AwareCustomizer> (0x000000008ccdda78) thrown at [./src/hotspot/share/classfile/systemDictionary.cpp, line 234]
Event: 5,161 Thread 0x00007fb520018800 Exception <a 'java/lang/ClassNotFoundException'{0x000000008cce9108}: org/springframework/context/ApplicationContextAwareCustomizer> (0x000000008cce9108) thrown at [./src/hotspot/share/classfile/systemDictionary.cpp, line 234]
Event: 5,161 Thread 0x00007fb520018800 Exception <a 'java/lang/ClassNotFoundException'{0x000000008ccf4a18}: org/springframework/beans/factory/AwareCustomizer> (0x000000008ccf4a18) thrown at [./src/hotspot/share/classfile/systemDictionary.cpp, line 234]
Event: 5,161 Thread 0x00007fb520018800 Exception <a 'java/lang/ClassNotFoundException'{0x000000008cb002e8}: org/springframework/web/context/ServletContextAwareCustomizer> (0x000000008cb002e8) thrown at [./src/hotspot/share/classfile/systemDictionary.cpp, line 234]
Event: 5,161 Thread 0x00007fb520018800 Exception <a 'java/lang/ClassNotFoundException'{0x000000008cb0b918}: org/springframework/beans/factory/AwareCustomizer> (0x000000008cb0b918) thrown at [./src/hotspot/share/classfile/systemDictionary.cpp, line 234]
Event: 5,295 Thread 0x00007fb520018800 Exception <a 'java/lang/NoSuchMethodError'{0x000000008c4ade10}: 'void java.lang.invoke.DirectMethodHandle$Holder.invokeVirtual(java.lang.Object, java.lang.Object, int)'> (0x000000008c4ade10) thrown at [./src/hotspot/share/interpreter/linkResolver.cpp, line 773]
Event: 5,298 Thread 0x00007fb520018800 Exception <a 'java/lang/NoSuchMethodError'{0x000000008c4c7c08}: 'void java.lang.invoke.DirectMethodHandle$Holder.invokeVirtual(java.lang.Object, java.lang.Object, long)'> (0x000000008c4c7c08) thrown at [./src/hotspot/share/interpreter/linkResolver.cpp, line 773]
Event: 5,424 Thread 0x00007fb520018800 Exception <a 'java/lang/IncompatibleClassChangeError'{0x000000008bec8768}: Found class java.lang.Object, but interface was expected> (0x000000008bec8768) thrown at [./src/hotspot/share/interpreter/linkResolver.cpp, line 839]
Event: 5,461 Thread 0x00007fb520018800 Exception <a 'java/lang/NoSuchMethodError'{0x000000008bc571a8}: 'int java.lang.invoke.DirectMethodHandle$Holder.invokeStaticInit(java.lang.Object, java.lang.Object, java.lang.Object, java.lang.Object)'> (0x000000008bc571a8) thrown at [./src/hotspot/share/interpreter/linkResolver.cpp, line 773]
Event: 5,536 Thread 0x00007fb520018800 Exception <a 'java/lang/NoSuchMethodError'{0x000000008b8b5cd0}: 'java.lang.Object java.lang.invoke.DirectMethodHandle$Holder.invokeSpecial(java.lang.Object, java.lang.Object, int, java.lang.Object, int, java.lang.Object)'> (0x000000008b8b5cd0) thrown at [./src/hotspot/share/interpreter/linkResolver.cpp, line 773]
Event: 5,537 Thread 0x00007fb520018800 Exception <a 'java/lang/NoSuchMethodError'{0x000000008b8bd1b8}: 'java.lang.Object java.lang.invoke.DirectMethodHandle$Holder.invokeStatic(java.lang.Object, java.lang.Object, int, java.lang.Object, int)'> (0x000000008b8bd1b8) thrown at [./src/hotspot/share/interpreter/linkResolver.cpp, line 773]
Event: 5,537 Thread 0x00007fb520018800 Exception <a 'java/lang/NoSuchMethodError'{0x000000008b8c0998}: 'java.lang.Object java.lang.invoke.DirectMethodHandle$Holder.invokeSpecial(java.lang.Object, java.lang.Object, java.lang.Object, int, java.lang.Object, int)'> (0x000000008b8c0998) thrown at [./src/hotspot/share/interpreter/linkResolver.cpp, line 773]
Event: 5,538 Thread 0x00007fb520018800 Exception <a 'java/lang/NoSuchMethodError'{0x000000008b8caaa8}: 'void java.lang.invoke.DirectMethodHandle$Holder.invokeVirtual(java.lang.Object, java.lang.Object)'> (0x000000008b8caaa8) thrown at [./src/hotspot/share/interpreter/linkResolver.cpp, line 773]

Events (20 events):
Event: 54,946 loading class org/apache/catalina/connector/Request$6 done
Event: 54,946 loading class org/apache/catalina/connector/Request$7
Event: 54,946 loading class org/apache/catalina/connector/Request$7 done
Event: 54,946 loading class org/apache/catalina/connector/Request$8
Event: 54,946 loading class org/apache/catalina/connector/Request$8 done
Event: 54,946 loading class org/apache/catalina/connector/Request$9
Event: 54,946 loading class org/apache/catalina/connector/Request$9 done
Event: 54,946 loading class org/apache/catalina/connector/InputBuffer
Event: 54,946 loading class org/apache/catalina/connector/InputBuffer done
Event: 54,947 loading class org/apache/tomcat/util/buf/ByteChunk$ByteInputChannel
Event: 54,947 loading class org/apache/tomcat/util/buf/ByteChunk$ByteInputChannel done
Event: 54,947 loading class org/apache/catalina/util/ParameterMap
Event: 54,947 loading class org/apache/catalina/util/ParameterMap done
Event: 54,948 loading class org/apache/catalina/mapper/MappingData
Event: 54,948 loading class org/apache/catalina/mapper/MappingData done
Event: 54,948 loading class org/apache/catalina/core/ApplicationMapping
Event: 54,948 loading class org/apache/catalina/core/ApplicationMapping done
Event: 54,948 loading class org/apache/catalina/connector/Response
Event: 54,948 loading class org/apache/catalina/connector/Response done
Event: 54,949 Executing VM operation: CollectForMetadataAllocation


Dynamic libraries:
85600000-8eb00000 rw-p 00000000 00:00 0 
8eb00000-100000000 ---p 00000000 00:00 0 
100000000-1007e0000 rw-p 00000000 00:00 0 
1007e0000-140000000 ---p 00000000 00:00 0 
561343200000-561343201000 r-xp 00000000 08:05 28629182                   /home/carla/.jdks/azul-11.0.11/bin/java
561343401000-561343402000 r--p 00001000 08:05 28629182                   /home/carla/.jdks/azul-11.0.11/bin/java
561343402000-561343403000 rw-p 00002000 08:05 28629182                   /home/carla/.jdks/azul-11.0.11/bin/java
56134512d000-56134514e000 rw-p 00000000 00:00 0                          [heap]
7fb47c000000-7fb47c021000 rw-p 00000000 00:00 0 
7fb47c021000-7fb480000000 ---p 00000000 00:00 0 
7fb484000000-7fb484021000 rw-p 00000000 00:00 0 
7fb484021000-7fb488000000 ---p 00000000 00:00 0 
7fb488000000-7fb488021000 rw-p 00000000 00:00 0 
7fb488021000-7fb48c000000 ---p 00000000 00:00 0 
7fb48c000000-7fb48c021000 rw-p 00000000 00:00 0 
7fb48c021000-7fb490000000 ---p 00000000 00:00 0 
7fb490000000-7fb490021000 rw-p 00000000 00:00 0 
7fb490021000-7fb494000000 ---p 00000000 00:00 0 
7fb494000000-7fb494039000 rw-p 00000000 00:00 0 
7fb494039000-7fb498000000 ---p 00000000 00:00 0 
7fb498000000-7fb498021000 rw-p 00000000 00:00 0 
7fb498021000-7fb49c000000 ---p 00000000 00:00 0 
7fb49ebf4000-7fb49ebf8000 ---p 00000000 00:00 0 
7fb49ebf8000-7fb49edd5000 rw-p 00000000 00:00 0 
7fb49edd5000-7fb49eef5000 ---p 00000000 00:00 0 
7fb49eef5000-7fb49eef9000 ---p 00000000 00:00 0 
7fb49eef9000-7fb49eff6000 rw-p 00000000 00:00 0 
7fb49eff6000-7fb49effa000 ---p 00000000 00:00 0 
7fb49effa000-7fb49f0f7000 rw-p 00000000 00:00 0 
7fb49f0f7000-7fb49f0fb000 ---p 00000000 00:00 0 
7fb49f0fb000-7fb49f1f8000 rw-p 00000000 00:00 0 
7fb49f1f8000-7fb49f1fc000 ---p 00000000 00:00 0 
7fb49f1fc000-7fb49f2f9000 rw-p 00000000 00:00 0 
7fb49f2f9000-7fb49f2fd000 ---p 00000000 00:00 0 
7fb49f2fd000-7fb49f3fa000 rw-p 00000000 00:00 0 
7fb49f3fa000-7fb49f3fe000 ---p 00000000 00:00 0 
7fb49f3fe000-7fb49f4fb000 rw-p 00000000 00:00 0 
7fb49f4fb000-7fb49f4ff000 ---p 00000000 00:00 0 
7fb49f4ff000-7fb49f5fc000 rw-p 00000000 00:00 0 
7fb49f5fc000-7fb49f600000 ---p 00000000 00:00 0 
7fb49f600000-7fb49f6fd000 rw-p 00000000 00:00 0 
7fb49f6fd000-7fb49f701000 ---p 00000000 00:00 0 
7fb49f701000-7fb49f7fe000 rw-p 00000000 00:00 0 
7fb49f7fe000-7fb49f802000 ---p 00000000 00:00 0 
7fb49f802000-7fb49f8ff000 rw-p 00000000 00:00 0 
7fb49f8ff000-7fb49f903000 ---p 00000000 00:00 0 
7fb49f903000-7fb49fc00000 rw-p 00000000 00:00 0 
7fb49fc00000-7fb49fe00000 rw-p 00000000 00:00 0 
7fb49fe00000-7fb4a0000000 rw-p 00000000 00:00 0 
7fb4a0000000-7fb4a0021000 rw-p 00000000 00:00 0 
7fb4a0021000-7fb4a4000000 ---p 00000000 00:00 0 
7fb4a4000000-7fb4a4021000 rw-p 00000000 00:00 0 
7fb4a4021000-7fb4a8000000 ---p 00000000 00:00 0 
7fb4a8000000-7fb4a83cb000 rw-p 00000000 00:00 0 
7fb4a83cb000-7fb4ac000000 ---p 00000000 00:00 0 
7fb4ac000000-7fb4ac021000 rw-p 00000000 00:00 0 
7fb4ac021000-7fb4b0000000 ---p 00000000 00:00 0 
7fb4b0000000-7fb4b022f000 rw-p 00000000 00:00 0 
7fb4b022f000-7fb4b4000000 ---p 00000000 00:00 0 
7fb4b4000000-7fb4b4040000 rw-p 00000000 00:00 0 
7fb4b4040000-7fb4b8000000 ---p 00000000 00:00 0 
7fb4b8000000-7fb4ba316000 rw-p 00000000 00:00 0 
7fb4ba316000-7fb4bc000000 ---p 00000000 00:00 0 
7fb4bc000000-7fb4bc021000 rw-p 00000000 00:00 0 
7fb4bc021000-7fb4c0000000 ---p 00000000 00:00 0 
7fb4c0000000-7fb4c0021000 rw-p 00000000 00:00 0 
7fb4c0021000-7fb4c4000000 ---p 00000000 00:00 0 
7fb4c4000000-7fb4c4021000 rw-p 00000000 00:00 0 
7fb4c4021000-7fb4c8000000 ---p 00000000 00:00 0 
7fb4c8000000-7fb4c8849000 rw-p 00000000 00:00 0 
7fb4c8849000-7fb4cc000000 ---p 00000000 00:00 0 
7fb4cc000000-7fb4cc021000 rw-p 00000000 00:00 0 
7fb4cc021000-7fb4d0000000 ---p 00000000 00:00 0 
7fb4d0000000-7fb4d0021000 rw-p 00000000 00:00 0 
7fb4d0021000-7fb4d4000000 ---p 00000000 00:00 0 
7fb4d4000000-7fb4d6b7e000 rw-p 00000000 00:00 0 
7fb4d6b7e000-7fb4d8000000 ---p 00000000 00:00 0 
7fb4d8000000-7fb4d8021000 rw-p 00000000 00:00 0 
7fb4d8021000-7fb4dc000000 ---p 00000000 00:00 0 
7fb4dc08e000-7fb4dc28e000 rw-p 00000000 00:00 0 
7fb4dc28e000-7fb4dc48e000 rw-p 00000000 00:00 0 
7fb4dc48e000-7fb4dc68e000 rw-p 00000000 00:00 0 
7fb4dc68e000-7fb4dc88e000 rw-p 00000000 00:00 0 
7fb4dc88e000-7fb4dc892000 ---p 00000000 00:00 0 
7fb4dc892000-7fb4dcb8f000 rw-p 00000000 00:00 0 
7fb4dcb8f000-7fb4dcb93000 ---p 00000000 00:00 0 
7fb4dcb93000-7fb4dcc90000 rw-p 00000000 00:00 0 
7fb4dcc90000-7fb4dcc92000 r-xp 00000000 08:05 28629741                   /home/carla/.jdks/azul-11.0.11/lib/libextnet.so
7fb4dcc92000-7fb4dce91000 ---p 00002000 08:05 28629741                   /home/carla/.jdks/azul-11.0.11/lib/libextnet.so
7fb4dce91000-7fb4dce92000 r--p 00001000 08:05 28629741                   /home/carla/.jdks/azul-11.0.11/lib/libextnet.so
7fb4dce92000-7fb4dd093000 rw-p 00000000 00:00 0 
7fb4dd093000-7fb4dd097000 ---p 00000000 00:00 0 
7fb4dd097000-7fb4dd194000 rw-p 00000000 00:00 0 
7fb4dd194000-7fb4dd198000 ---p 00000000 00:00 0 
7fb4dd198000-7fb4dd495000 rw-p 00000000 00:00 0 
7fb4dd495000-7fb4dd695000 rw-p 00000000 00:00 0 
7fb4dd695000-7fb4dd895000 rw-p 00000000 00:00 0 
7fb4dd895000-7fb4dda95000 rw-p 00000000 00:00 0 
7fb4dda95000-7fb4ddc95000 rw-p 00000000 00:00 0 
7fb4ddcd5000-7fb4dded5000 rw-p 00000000 00:00 0 
7fb4dded5000-7fb4de0d5000 rw-p 00000000 00:00 0 
7fb4de0d5000-7fb4de0d6000 ---p 00000000 00:00 0 
7fb4de0d6000-7fb4de1d7000 rw-p 00000000 00:00 0 
7fb4de1d7000-7fb4de1d8000 ---p 00000000 00:00 0 
7fb4de1d8000-7fb4de4d9000 rw-p 00000000 00:00 0 
7fb4de4d9000-7fb4de6d9000 rw-p 00000000 00:00 0 
7fb4de6d9000-7fb4de6db000 r--p 00000000 08:05 3673946                    /usr/lib/x86_64-linux-gnu/libnss_dns-2.31.so
7fb4de6db000-7fb4de6df000 r-xp 00002000 08:05 3673946                    /usr/lib/x86_64-linux-gnu/libnss_dns-2.31.so
7fb4de6df000-7fb4de6e0000 r--p 00006000 08:05 3673946                    /usr/lib/x86_64-linux-gnu/libnss_dns-2.31.so
7fb4de6e0000-7fb4de6e1000 r--p 00006000 08:05 3673946                    /usr/lib/x86_64-linux-gnu/libnss_dns-2.31.so
7fb4de6e1000-7fb4de6e2000 rw-p 00007000 08:05 3673946                    /usr/lib/x86_64-linux-gnu/libnss_dns-2.31.so
7fb4de6e2000-7fb4de6e6000 r--p 00000000 08:05 3673953                    /usr/lib/x86_64-linux-gnu/libresolv-2.31.so
7fb4de6e6000-7fb4de6f6000 r-xp 00004000 08:05 3673953                    /usr/lib/x86_64-linux-gnu/libresolv-2.31.so
7fb4de6f6000-7fb4de6f9000 r--p 00014000 08:05 3673953                    /usr/lib/x86_64-linux-gnu/libresolv-2.31.so
7fb4de6f9000-7fb4de6fa000 ---p 00017000 08:05 3673953                    /usr/lib/x86_64-linux-gnu/libresolv-2.31.so
7fb4de6fa000-7fb4de6fb000 r--p 00017000 08:05 3673953                    /usr/lib/x86_64-linux-gnu/libresolv-2.31.so
7fb4de6fb000-7fb4de6fc000 rw-p 00018000 08:05 3673953                    /usr/lib/x86_64-linux-gnu/libresolv-2.31.so
7fb4de6fc000-7fb4de6fe000 rw-p 00000000 00:00 0 
7fb4de7bd000-7fb4de7c1000 ---p 00000000 00:00 0 
7fb4de7c1000-7fb4de8be000 rw-p 00000000 00:00 0 
7fb4de8be000-7fb4de8c3000 r-xp 00000000 08:05 28630862                   /home/carla/.jdks/azul-11.0.11/lib/libmanagement_ext.so
7fb4de8c3000-7fb4deac3000 ---p 00005000 08:05 28630862                   /home/carla/.jdks/azul-11.0.11/lib/libmanagement_ext.so
7fb4deac3000-7fb4deac4000 r--p 00005000 08:05 28630862                   /home/carla/.jdks/azul-11.0.11/lib/libmanagement_ext.so
7fb4deac4000-7fb4deac5000 rw-p 00000000 00:00 0 
7fb4deac5000-7fb4deac9000 r-xp 00000000 08:05 28630874                   /home/carla/.jdks/azul-11.0.11/lib/libmanagement.so
7fb4deac9000-7fb4decc9000 ---p 00004000 08:05 28630874                   /home/carla/.jdks/azul-11.0.11/lib/libmanagement.so
7fb4decc9000-7fb4decca000 r--p 00004000 08:05 28630874                   /home/carla/.jdks/azul-11.0.11/lib/libmanagement.so
7fb4decca000-7fb4deecb000 rw-p 00000000 00:00 0 
7fb4deecb000-7fb4df0cb000 rw-p 00000000 00:00 0 
7fb4df0cb000-7fb4df0cc000 ---p 00000000 00:00 0 
7fb4df0cc000-7fb4df3cd000 rw-p 00000000 00:00 0 
7fb4df3cd000-7fb4df3d1000 ---p 00000000 00:00 0 
7fb4df3d1000-7fb4df4ce000 rw-p 00000000 00:00 0 
7fb4df4ce000-7fb4df4e5000 r-xp 00000000 08:05 28629360                   /home/carla/.jdks/azul-11.0.11/lib/libnet.so
7fb4df4e5000-7fb4df6e4000 ---p 00017000 08:05 28629360                   /home/carla/.jdks/azul-11.0.11/lib/libnet.so
7fb4df6e4000-7fb4df6e5000 r--p 00016000 08:05 28629360                   /home/carla/.jdks/azul-11.0.11/lib/libnet.so
7fb4df6e5000-7fb4df6e6000 rw-p 00017000 08:05 28629360                   /home/carla/.jdks/azul-11.0.11/lib/libnet.so
7fb4df6e6000-7fb4df6f6000 r-xp 00000000 08:05 28629755                   /home/carla/.jdks/azul-11.0.11/lib/libnio.so
7fb4df6f6000-7fb4df8f6000 ---p 00010000 08:05 28629755                   /home/carla/.jdks/azul-11.0.11/lib/libnio.so
7fb4df8f6000-7fb4df8f7000 r--p 00010000 08:05 28629755                   /home/carla/.jdks/azul-11.0.11/lib/libnio.so
7fb4df8f7000-7fb4df8f8000 rw-p 00011000 08:05 28629755                   /home/carla/.jdks/azul-11.0.11/lib/libnio.so
7fb4df8f8000-7fb4df8fc000 ---p 00000000 00:00 0 
7fb4df8fc000-7fb4df9f9000 rw-p 00000000 00:00 0 
7fb4df9f9000-7fb4df9fa000 ---p 00000000 00:00 0 
7fb4df9fa000-7fb4dfafb000 rw-p 00000000 00:00 0 
7fb4dfafb000-7fb4dfaff000 ---p 00000000 00:00 0 
7fb4dfaff000-7fb4dfbfc000 rw-p 00000000 00:00 0 
7fb4dfbfc000-7fb4dfc00000 ---p 00000000 00:00 0 
7fb4dfc00000-7fb4dfcfd000 rw-p 00000000 00:00 0 
7fb4dfcfd000-7fb4dfd01000 ---p 00000000 00:00 0 
7fb4dfd01000-7fb4dfdfe000 rw-p 00000000 00:00 0 
7fb4dfdfe000-7fb4dfe02000 ---p 00000000 00:00 0 
7fb4dfe02000-7fb4dfeff000 rw-p 00000000 00:00 0 
7fb4dfeff000-7fb4dff03000 ---p 00000000 00:00 0 
7fb4dff03000-7fb4e0000000 rw-p 00000000 00:00 0 
7fb4e0000000-7fb4e0021000 rw-p 00000000 00:00 0 
7fb4e0021000-7fb4e4000000 ---p 00000000 00:00 0 
7fb4e4000000-7fb4e4021000 rw-p 00000000 00:00 0 
7fb4e4021000-7fb4e8000000 ---p 00000000 00:00 0 
7fb4e8000000-7fb4e8021000 rw-p 00000000 00:00 0 
7fb4e8021000-7fb4ec000000 ---p 00000000 00:00 0 
7fb4ec000000-7fb4ec0e9000 rw-p 00000000 00:00 0 
7fb4ec0e9000-7fb4f0000000 ---p 00000000 00:00 0 
7fb4f0000000-7fb4f0021000 rw-p 00000000 00:00 0 
7fb4f0021000-7fb4f4000000 ---p 00000000 00:00 0 
7fb4f4000000-7fb4f4021000 rw-p 00000000 00:00 0 
7fb4f4021000-7fb4f8000000 ---p 00000000 00:00 0 
7fb4f8000000-7fb4f8021000 rw-p 00000000 00:00 0 
7fb4f8021000-7fb4fc000000 ---p 00000000 00:00 0 
7fb4fc007000-7fb4fc008000 r--p 00000000 08:05 3678145                    /usr/lib/x86_64-linux-gnu/libnss_mdns4_minimal.so.2
7fb4fc008000-7fb4fc00a000 r-xp 00001000 08:05 3678145                    /usr/lib/x86_64-linux-gnu/libnss_mdns4_minimal.so.2
7fb4fc00a000-7fb4fc00b000 r--p 00003000 08:05 3678145                    /usr/lib/x86_64-linux-gnu/libnss_mdns4_minimal.so.2
7fb4fc00b000-7fb4fc00c000 r--p 00003000 08:05 3678145                    /usr/lib/x86_64-linux-gnu/libnss_mdns4_minimal.so.2
7fb4fc00c000-7fb4fc00d000 rw-p 00004000 08:05 3678145                    /usr/lib/x86_64-linux-gnu/libnss_mdns4_minimal.so.2
7fb4fc02b000-7fb4fc032000 r--s 00000000 08:05 4333185                    /usr/lib/x86_64-linux-gnu/gconv/gconv-modules.cache
7fb4fc032000-7fb4fc5a4000 r--p 00000000 08:05 3674013                    /usr/lib/locale/locale-archive
7fb4fc5a4000-7fb4fc5a8000 ---p 00000000 00:00 0 
7fb4fc5a8000-7fb4fc6a5000 rw-p 00000000 00:00 0 
7fb4fc6a5000-7fb4fc6a9000 ---p 00000000 00:00 0 
7fb4fc6a9000-7fb4fc7a6000 rw-p 00000000 00:00 0 
7fb4fc7a6000-7fb4fc7a7000 ---p 00000000 00:00 0 
7fb4fc7a7000-7fb4fd129000 rw-p 00000000 00:00 0 
7fb4fd129000-7fb4fd12a000 ---p 00000000 00:00 0 
7fb4fd12a000-7fb4fd22b000 rw-p 00000000 00:00 0 
7fb4fd22b000-7fb4fd22c000 ---p 00000000 00:00 0 
7fb4fd22c000-7fb4ff985000 rw-p 00000000 00:00 0 
7fb4ff985000-7fb5015d9000 ---p 00000000 00:00 0 
7fb5015d9000-7fb50182d000 rw-p 00000000 00:00 0 
7fb50182d000-7fb503481000 ---p 00000000 00:00 0 
7fb503481000-7fb5034cc000 rw-p 00000000 00:00 0 
7fb5034cc000-7fb503856000 ---p 00000000 00:00 0 
7fb503856000-7fb5038a1000 rw-p 00000000 00:00 0 
7fb5038a1000-7fb503c2b000 ---p 00000000 00:00 0 
7fb503c2b000-7fb503c76000 rw-p 00000000 00:00 0 
7fb503c76000-7fb504000000 ---p 00000000 00:00 0 
7fb504000000-7fb504021000 rw-p 00000000 00:00 0 
7fb504021000-7fb508000000 ---p 00000000 00:00 0 
7fb508000000-7fb508026000 r--p 00000000 08:05 6036964                    /usr/share/locale-langpack/pt_BR/LC_MESSAGES/libc.mo
7fb508026000-7fb5080da000 rw-p 00000000 00:00 0 
7fb5080da000-7fb5080db000 ---p 00000000 00:00 0 
7fb5080db000-7fb5081dc000 rw-p 00000000 00:00 0 
7fb5081dc000-7fb5081dd000 ---p 00000000 00:00 0 
7fb5081dd000-7fb5085e1000 rw-p 00000000 00:00 0 
7fb5085e1000-7fb508851000 rwxp 00000000 00:00 0 
7fb508851000-7fb508b71000 ---p 00000000 00:00 0 
7fb508b71000-7fb509491000 rwxp 00000000 00:00 0 
7fb509491000-7fb5100a9000 ---p 00000000 00:00 0 
7fb5100a9000-7fb510319000 rwxp 00000000 00:00 0 
7fb510319000-7fb5175e1000 ---p 00000000 00:00 0 
7fb5175e1000-7fb520000000 r--s 00000000 08:05 28629758                   /home/carla/.jdks/azul-11.0.11/lib/modules
7fb520000000-7fb521c27000 rw-p 00000000 00:00 0 
7fb521c27000-7fb524000000 ---p 00000000 00:00 0 
7fb524005000-7fb52418a000 rw-p 00000000 00:00 0 
7fb52418a000-7fb52418b000 ---p 00000000 00:00 0 
7fb52418b000-7fb524291000 rw-p 00000000 00:00 0 
7fb524291000-7fb524377000 ---p 00000000 00:00 0 
7fb524377000-7fb52438a000 rw-p 00000000 00:00 0 
7fb52438a000-7fb524462000 ---p 00000000 00:00 0 
7fb524462000-7fb524467000 rw-p 00000000 00:00 0 
7fb524467000-7fb52446e000 ---p 00000000 00:00 0 
7fb52446e000-7fb524475000 r-xp 00000000 08:05 28630855                   /home/carla/.jdks/azul-11.0.11/lib/libzip.so
7fb524475000-7fb524675000 ---p 00007000 08:05 28630855                   /home/carla/.jdks/azul-11.0.11/lib/libzip.so
7fb524675000-7fb524676000 r--p 00007000 08:05 28630855                   /home/carla/.jdks/azul-11.0.11/lib/libzip.so
7fb524676000-7fb524677000 rw-p 00000000 00:00 0 
7fb524677000-7fb524691000 r-xp 00000000 08:05 28629761                   /home/carla/.jdks/azul-11.0.11/lib/libjimage.so
7fb524691000-7fb524890000 ---p 0001a000 08:05 28629761                   /home/carla/.jdks/azul-11.0.11/lib/libjimage.so
7fb524890000-7fb524892000 r--p 00019000 08:05 28629761                   /home/carla/.jdks/azul-11.0.11/lib/libjimage.so
7fb524892000-7fb524893000 rw-p 0001b000 08:05 28629761                   /home/carla/.jdks/azul-11.0.11/lib/libjimage.so
7fb524893000-7fb5248a4000 rw-p 00000000 00:00 0 
7fb5248a4000-7fb5248ce000 r-xp 00000000 08:05 28629764                   /home/carla/.jdks/azul-11.0.11/lib/libjava.so
7fb5248ce000-7fb524acd000 ---p 0002a000 08:05 28629764                   /home/carla/.jdks/azul-11.0.11/lib/libjava.so
7fb524acd000-7fb524ace000 r--p 00029000 08:05 28629764                   /home/carla/.jdks/azul-11.0.11/lib/libjava.so
7fb524ace000-7fb524acf000 rw-p 0002a000 08:05 28629764                   /home/carla/.jdks/azul-11.0.11/lib/libjava.so
7fb524acf000-7fb524ad0000 rw-p 00000000 00:00 0 
7fb524ad0000-7fb524add000 r-xp 00000000 08:05 28630861                   /home/carla/.jdks/azul-11.0.11/lib/libverify.so
7fb524add000-7fb524cdc000 ---p 0000d000 08:05 28630861                   /home/carla/.jdks/azul-11.0.11/lib/libverify.so
7fb524cdc000-7fb524cde000 rw-p 0000c000 08:05 28630861                   /home/carla/.jdks/azul-11.0.11/lib/libverify.so
7fb524cde000-7fb524cdf000 rw-p 00000000 00:00 0 
7fb524cdf000-7fb524ce2000 r--p 00000000 08:05 3673954                    /usr/lib/x86_64-linux-gnu/librt-2.31.so
7fb524ce2000-7fb524ce6000 r-xp 00003000 08:05 3673954                    /usr/lib/x86_64-linux-gnu/librt-2.31.so
7fb524ce6000-7fb524ce7000 r--p 00007000 08:05 3673954                    /usr/lib/x86_64-linux-gnu/librt-2.31.so
7fb524ce7000-7fb524ce8000 ---p 00008000 08:05 3673954                    /usr/lib/x86_64-linux-gnu/librt-2.31.so
7fb524ce8000-7fb524ce9000 r--p 00008000 08:05 3673954                    /usr/lib/x86_64-linux-gnu/librt-2.31.so
7fb524ce9000-7fb524cea000 rw-p 00009000 08:05 3673954                    /usr/lib/x86_64-linux-gnu/librt-2.31.so
7fb524cea000-7fb524cee000 ---p 00000000 00:00 0 
7fb524cee000-7fb524deb000 rw-p 00000000 00:00 0 
7fb524deb000-7fb524dfa000 r--p 00000000 08:05 3673937                    /usr/lib/x86_64-linux-gnu/libm-2.31.so
7fb524dfa000-7fb524ea1000 r-xp 0000f000 08:05 3673937                    /usr/lib/x86_64-linux-gnu/libm-2.31.so
7fb524ea1000-7fb524f38000 r--p 000b6000 08:05 3673937                    /usr/lib/x86_64-linux-gnu/libm-2.31.so
7fb524f38000-7fb524f39000 r--p 0014c000 08:05 3673937                    /usr/lib/x86_64-linux-gnu/libm-2.31.so
7fb524f39000-7fb524f3a000 rw-p 0014d000 08:05 3673937                    /usr/lib/x86_64-linux-gnu/libm-2.31.so
7fb524f3a000-7fb526189000 r-xp 00000000 08:05 28629738                   /home/carla/.jdks/azul-11.0.11/lib/server/libjvm.so
7fb526189000-7fb526389000 ---p 0124f000 08:05 28629738                   /home/carla/.jdks/azul-11.0.11/lib/server/libjvm.so
7fb526389000-7fb526462000 r--p 0124f000 08:05 28629738                   /home/carla/.jdks/azul-11.0.11/lib/server/libjvm.so
7fb526462000-7fb52649d000 rw-p 01328000 08:05 28629738                   /home/carla/.jdks/azul-11.0.11/lib/server/libjvm.so
7fb52649d000-7fb52650b000 rw-p 00000000 00:00 0 
7fb52650b000-7fb526530000 r--p 00000000 08:05 3673933                    /usr/lib/x86_64-linux-gnu/libc-2.31.so
7fb526530000-7fb5266a8000 r-xp 00025000 08:05 3673933                    /usr/lib/x86_64-linux-gnu/libc-2.31.so
7fb5266a8000-7fb5266f2000 r--p 0019d000 08:05 3673933                    /usr/lib/x86_64-linux-gnu/libc-2.31.so
7fb5266f2000-7fb5266f3000 ---p 001e7000 08:05 3673933                    /usr/lib/x86_64-linux-gnu/libc-2.31.so
7fb5266f3000-7fb5266f6000 r--p 001e7000 08:05 3673933                    /usr/lib/x86_64-linux-gnu/libc-2.31.so
7fb5266f6000-7fb5266f9000 rw-p 001ea000 08:05 3673933                    /usr/lib/x86_64-linux-gnu/libc-2.31.so
7fb5266f9000-7fb5266fd000 rw-p 00000000 00:00 0 
7fb5266fd000-7fb5266fe000 r--p 00000000 08:05 3673935                    /usr/lib/x86_64-linux-gnu/libdl-2.31.so
7fb5266fe000-7fb526700000 r-xp 00001000 08:05 3673935                    /usr/lib/x86_64-linux-gnu/libdl-2.31.so
7fb526700000-7fb526701000 r--p 00003000 08:05 3673935                    /usr/lib/x86_64-linux-gnu/libdl-2.31.so
7fb526701000-7fb526702000 r--p 00003000 08:05 3673935                    /usr/lib/x86_64-linux-gnu/libdl-2.31.so
7fb526702000-7fb526703000 rw-p 00004000 08:05 3673935                    /usr/lib/x86_64-linux-gnu/libdl-2.31.so
7fb526703000-7fb526712000 r-xp 00000000 08:05 28629757                   /home/carla/.jdks/azul-11.0.11/lib/jli/libjli.so
7fb526712000-7fb526912000 ---p 0000f000 08:05 28629757                   /home/carla/.jdks/azul-11.0.11/lib/jli/libjli.so
7fb526912000-7fb526913000 r--p 0000f000 08:05 28629757                   /home/carla/.jdks/azul-11.0.11/lib/jli/libjli.so
7fb526913000-7fb526914000 rw-p 00010000 08:05 28629757                   /home/carla/.jdks/azul-11.0.11/lib/jli/libjli.so
7fb526914000-7fb52691b000 r--p 00000000 08:05 3673952                    /usr/lib/x86_64-linux-gnu/libpthread-2.31.so
7fb52691b000-7fb52692c000 r-xp 00007000 08:05 3673952                    /usr/lib/x86_64-linux-gnu/libpthread-2.31.so
7fb52692c000-7fb526931000 r--p 00018000 08:05 3673952                    /usr/lib/x86_64-linux-gnu/libpthread-2.31.so
7fb526931000-7fb526932000 r--p 0001c000 08:05 3673952                    /usr/lib/x86_64-linux-gnu/libpthread-2.31.so
7fb526932000-7fb526933000 rw-p 0001d000 08:05 3673952                    /usr/lib/x86_64-linux-gnu/libpthread-2.31.so
7fb526933000-7fb526937000 rw-p 00000000 00:00 0 
7fb526937000-7fb526939000 r--p 00000000 08:05 3670208                    /usr/lib/x86_64-linux-gnu/libz.so.1.2.11
7fb526939000-7fb52694a000 r-xp 00002000 08:05 3670208                    /usr/lib/x86_64-linux-gnu/libz.so.1.2.11
7fb52694a000-7fb526950000 r--p 00013000 08:05 3670208                    /usr/lib/x86_64-linux-gnu/libz.so.1.2.11
7fb526950000-7fb526951000 ---p 00019000 08:05 3670208                    /usr/lib/x86_64-linux-gnu/libz.so.1.2.11
7fb526951000-7fb526952000 r--p 00019000 08:05 3670208                    /usr/lib/x86_64-linux-gnu/libz.so.1.2.11
7fb526952000-7fb526953000 rw-p 0001a000 08:05 3670208                    /usr/lib/x86_64-linux-gnu/libz.so.1.2.11
7fb526953000-7fb526955000 rw-p 00000000 00:00 0 
7fb526955000-7fb52695d000 rw-s 00000000 08:05 23724556                   /tmp/hsperfdata_carla/103133
7fb52695d000-7fb526960000 r--p 00000000 08:05 3673947                    /usr/lib/x86_64-linux-gnu/libnss_files-2.31.so
7fb526960000-7fb526967000 r-xp 00003000 08:05 3673947                    /usr/lib/x86_64-linux-gnu/libnss_files-2.31.so
7fb526967000-7fb526969000 r--p 0000a000 08:05 3673947                    /usr/lib/x86_64-linux-gnu/libnss_files-2.31.so
7fb526969000-7fb52696a000 r--p 0000b000 08:05 3673947                    /usr/lib/x86_64-linux-gnu/libnss_files-2.31.so
7fb52696a000-7fb52696b000 rw-p 0000c000 08:05 3673947                    /usr/lib/x86_64-linux-gnu/libnss_files-2.31.so
7fb52696b000-7fb526971000 rw-p 00000000 00:00 0 
7fb526971000-7fb526972000 ---p 00000000 00:00 0 
7fb526972000-7fb526973000 r--p 00000000 00:00 0 
7fb526973000-7fb526974000 r--p 00000000 08:05 3670068                    /usr/lib/x86_64-linux-gnu/ld-2.31.so
7fb526974000-7fb526997000 r-xp 00001000 08:05 3670068                    /usr/lib/x86_64-linux-gnu/ld-2.31.so
7fb526997000-7fb52699f000 r--p 00024000 08:05 3670068                    /usr/lib/x86_64-linux-gnu/ld-2.31.so
7fb5269a0000-7fb5269a1000 r--p 0002c000 08:05 3670068                    /usr/lib/x86_64-linux-gnu/ld-2.31.so
7fb5269a1000-7fb5269a2000 rw-p 0002d000 08:05 3670068                    /usr/lib/x86_64-linux-gnu/ld-2.31.so
7fb5269a2000-7fb5269a3000 rw-p 00000000 00:00 0 
7fffba013000-7fffba037000 rw-p 00000000 00:00 0                          [stack]
7fffba1ed000-7fffba1f1000 r--p 00000000 00:00 0                          [vvar]
7fffba1f1000-7fffba1f3000 r-xp 00000000 00:00 0                          [vdso]
ffffffffff600000-ffffffffff601000 --xp 00000000 00:00 0                  [vsyscall]


VM Arguments:
jvm_args: -Dfile.encoding=UTF-8 -Duser.country=BR -Duser.language=pt -Duser.variant 
java_command: com.github.carlacou.cities.api.Application
java_class_path (initial): /home/carla/cities.api/build/classes/java/main:/home/carla/cities.api/build/resources/main:/home/carla/.gradle/caches/modules-2/files-2.1/org.springframework.boot/spring-boot-starter-data-jpa/2.5.3/6e57512b8907710566daf2b246c724de3e38ad14/spring-boot-starter-data-jpa-2.5.3.jar:/home/carla/.gradle/caches/modules-2/files-2.1/org.springframework.boot/spring-boot-starter-web/2.5.3/2cb23f2928177eeb9be81036623f4350a86a433/spring-boot-starter-web-2.5.3.jar:/home/carla/.gradle/caches/modules-2/files-2.1/com.vladmihalcea/hibernate-types-52/2.9.8/7c7c708c65c0631b12e6cee09d057b2c826ba69b/hibernate-types-52-2.9.8.jar:/home/carla/.gradle/caches/modules-2/files-2.1/org.postgresql/postgresql/42.2.23/9cb217a3d5b640567ed7c6e8c11f389613c81c4d/postgresql-42.2.23.jar:/home/carla/.gradle/caches/modules-2/files-2.1/org.springframework.boot/spring-boot-starter-aop/2.5.3/45a790c9abe248865e0ad2d1f8622d55877eb4f7/spring-boot-starter-aop-2.5.3.jar:/home/carla/.gradle/caches/modules-2/files-2.1/org.springframework.boot/spring-boot-starter-jdbc/2.5.3/ffc2a4b05d901775e5a96cc73450a1d072baecfa/spring-boot-starter-jdbc-2.5.3.jar:/home/carla/.gradle/caches/modules-2/files-2.1/jakarta.transaction/jakarta.transaction-api/1.3.3/c4179d48720a1e87202115fbed6089bdc4195405/jakarta.transaction-api-1.3.3.jar:/home/carla/.gradle/caches/modules-2/files-2.1/jakarta.persistence/jakarta.persistence-api/2.2.3/8f6ea5daedc614f07a3654a455660145286f024e/jakarta.persistence-api-2.2.3.jar:/home/carla/.gradle/caches/modules-2/files-2.1/org.hibernate/hibernate-core/5.4.32.Final/99a5e10bf455337014c190e141ec631e9ff71663/hibernate-core-5.4.32.Final.jar:/home/carla/.gradle/caches/modules-2/files-2.1/org.springframework.data/spring-data-jpa/2.5.3/41db71033651f476fbc62a485387a4e891ec9940/spring-data-jpa-2.5.3.jar:/home/carla/.gradle/caches/modules-2/files-2.1/org.springframework/spring-aspects/5.3.9/ee2c3f8f99e1f115f502a7e47e632b1ed229e766/spring-aspects-5.3.9.jar:/home/carla/.gradle/caches/modules-2
Launcher Type: SUN_STANDARD

[Global flags]
     intx CICompilerCount                          = 3                                         {product} {ergonomic}
     uint ConcGCThreads                            = 1                                         {product} {ergonomic}
     uint G1ConcRefinementThreads                  = 4                                         {product} {ergonomic}
   size_t G1HeapRegionSize                         = 1048576                                   {product} {ergonomic}
    uintx GCDrainStackTargetSize                   = 64                                        {product} {ergonomic}
   size_t InitialHeapSize                          = 130023424                                 {product} {ergonomic}
   size_t MarkStackSize                            = 4194304                                   {product} {ergonomic}
   size_t MaxHeapSize                              = 2057306112                                {product} {ergonomic}
   size_t MaxNewSize                               = 1234173952                                {product} {ergonomic}
   size_t MinHeapDeltaBytes                        = 1048576                                   {product} {ergonomic}
    uintx NonNMethodCodeHeapSize                   = 5830732                                {pd product} {ergonomic}
    uintx NonProfiledCodeHeapSize                  = 122913754                              {pd product} {ergonomic}
    uintx ProfiledCodeHeapSize                     = 122913754                              {pd product} {ergonomic}
    uintx ReservedCodeCacheSize                    = 251658240                              {pd product} {ergonomic}
     bool SegmentedCodeCache                       = true                                      {product} {ergonomic}
     bool UseCompressedClassPointers               = true                                 {lp64_product} {ergonomic}
     bool UseCompressedOops                        = true                                 {lp64_product} {ergonomic}
     bool UseG1GC                                  = true                                      {product} {ergonomic}

Logging:
Log output configuration:
 #0: stdout all=warning uptime,level,tags
 #1: stderr all=off uptime,level,tags

Environment Variables:
PATH=/home/carla/.npm-global/bin:/home/alan/.zinit/polaris/sbin:/home/alan/.zinit/polaris/bin:/usr/local/sbin:/usr/local/bin:/usr/sbin:/usr/bin:/sbin:/bin:/usr/games:/usr/local/games:/snap/bin:/usr/local/go/bin
USERNAME=carla
SHELL=/bin/bash
DISPLAY=:0
LANG=pt_BR.UTF-8

Signal Handlers:
SIGSEGV: [libjvm.so+0xf06760], sa_mask[0]=11111111011111111101111111111110, sa_flags=SA_RESTART|SA_SIGINFO
SIGBUS: [libjvm.so+0xf06760], sa_mask[0]=11111111011111111101111111111110, sa_flags=SA_RESTART|SA_SIGINFO
SIGFPE: [libjvm.so+0xf06760], sa_mask[0]=11111111011111111101111111111110, sa_flags=SA_RESTART|SA_SIGINFO
SIGPIPE: [libjvm.so+0xc518a0], sa_mask[0]=11111111011111111101111111111110, sa_flags=SA_RESTART|SA_SIGINFO
SIGXFSZ: [libjvm.so+0xc518a0], sa_mask[0]=11111111011111111101111111111110, sa_flags=SA_RESTART|SA_SIGINFO
SIGILL: [libjvm.so+0xf06760], sa_mask[0]=11111111011111111101111111111110, sa_flags=SA_RESTART|SA_SIGINFO
SIGUSR2: [libjvm.so+0xc51740], sa_mask[0]=00100000000000000000000000000000, sa_flags=SA_RESTART|SA_SIGINFO
SIGHUP: [libjvm.so+0xc51aa0], sa_mask[0]=11111111011111111101111111111110, sa_flags=SA_RESTART|SA_SIGINFO
SIGINT: [libjvm.so+0xc51aa0], sa_mask[0]=11111111011111111101111111111110, sa_flags=SA_RESTART|SA_SIGINFO
SIGTERM: [libjvm.so+0xc51aa0], sa_mask[0]=11111111011111111101111111111110, sa_flags=SA_RESTART|SA_SIGINFO
SIGQUIT: [libjvm.so+0xc51aa0], sa_mask[0]=11111111011111111101111111111110, sa_flags=SA_RESTART|SA_SIGINFO


---------------  S Y S T E M  ---------------

OS:DISTRIB_ID=Ubuntu
DISTRIB_RELEASE=20.04
DISTRIB_CODENAME=focal
DISTRIB_DESCRIPTION="Ubuntu 20.04.2 LTS"
uname:Linux 5.11.0-25-generic #27~20.04.1-Ubuntu SMP Tue Jul 13 17:41:23 UTC 2021 x86_64
OS uptime: 0 days 13:43 hours
libc:glibc 2.31 NPTL 2.31 
rlimit (soft/hard): STACK 8192k/infinity , CORE 0k/infinity , NPROC 31136/31136 , NOFILE 1048576/1048576 , AS infinity/infinity , CPU infinity/infinity , DATA infinity/infinity , FSIZE infinity/infinity , MEMLOCK 65536k/65536k
load average:1,65 1,41 1,33

/proc/meminfo:
MemTotal:        8036000 kB
MemFree:          704180 kB
MemAvailable:    1778448 kB
Buffers:          151220 kB
Cached:          1521196 kB
SwapCached:        16624 kB
Active:          1145192 kB
Inactive:        5502932 kB
Active(anon):     542860 kB
Inactive(anon):  4868588 kB
Active(file):     602332 kB
Inactive(file):   634344 kB
Unevictable:      209160 kB
Mlocked:            2624 kB
SwapTotal:       2097148 kB
SwapFree:        1063932 kB
Dirty:               680 kB
Writeback:             0 kB
AnonPages:       5172052 kB
Mapped:           571892 kB
Shmem:            442656 kB
KReclaimable:     115612 kB
Slab:             288536 kB
SReclaimable:     115612 kB
SUnreclaim:       172924 kB
KernelStack:       24336 kB
PageTables:        72360 kB
NFS_Unstable:          0 kB
Bounce:                0 kB
WritebackTmp:          0 kB
CommitLimit:     6115148 kB
Committed_AS:   17381864 kB
VmallocTotal:   34359738367 kB
VmallocUsed:       53288 kB
VmallocChunk:          0 kB
Percpu:             6240 kB
HardwareCorrupted:     0 kB
AnonHugePages:         0 kB
ShmemHugePages:        0 kB
ShmemPmdMapped:        0 kB
FileHugePages:         0 kB
FilePmdMapped:         0 kB
HugePages_Total:       0
HugePages_Free:        0
HugePages_Rsvd:        0
HugePages_Surp:        0
Hugepagesize:       2048 kB
Hugetlb:               0 kB
DirectMap4k:      448864 kB
DirectMap2M:     6776832 kB
DirectMap1G:     1048576 kB

/sys/kernel/mm/transparent_hugepage/enabled:
always [madvise] never
/sys/kernel/mm/transparent_hugepage/defrag (defrag/compaction efforts parameter):
always defer defer+madvise [madvise] never

Process Memory:
Virtual Size: 5740820K (peak: 5798140K)
Resident Set Size: 297328K (peak: 325536K) (anon: 276744K, file: 20584K, shmem: 0K)
Swapped out: 0K
C-Heap outstanding allocations: 31777K

/proc/sys/kernel/threads-max (system-wide limit on the number of threads):
62273
/proc/sys/vm/max_map_count (maximum number of memory map areas a process may have):
65530
/proc/sys/kernel/pid_max (system-wide limit on number of process identifiers):
4194304

container (cgroup) information:
container_type: cgroupv1
cpu_cpuset_cpus: 0-3
cpu_memory_nodes: 0
active_processor_count: 4
cpu_quota: -1
cpu_period: 100000
cpu_shares: -1
memory_limit_in_bytes: -1
memory_and_swap_limit_in_bytes: -1
memory_soft_limit_in_bytes: -1
memory_usage_in_bytes: 6246330368
memory_max_usage_in_bytes: 6930468864

Steal ticks since vm start: 0
Steal ticks percentage since vm start:  0,000

CPU:total 4 (initial active 4) (2 cores per cpu, 2 threads per core) family 6 model 158 stepping 9 microcode 0xea, cmov, cx8, fxsr, mmx, sse, sse2, sse3, ssse3, sse4.1, sse4.2, popcnt, aes, clmul, erms, 3dnowpref, lzcnt, ht, tsc, tscinvbit
CPU Model and flags from /proc/cpuinfo:
model name	: Intel(R) Pentium(R) CPU G4560 @ 3.50GHz
flags		: fpu vme de pse tsc msr pae mce cx8 apic sep mtrr pge mca cmov pat pse36 clflush dts acpi mmx fxsr sse sse2 ss ht tm pbe syscall nx pdpe1gb rdtscp lm constant_tsc art arch_perfmon pebs bts rep_good nopl xtopology nonstop_tsc cpuid aperfmperf pni pclmulqdq dtes64 monitor ds_cpl vmx est tm2 ssse3 sdbg cx16 xtpr pdcm pcid sse4_1 sse4_2 x2apic movbe popcnt tsc_deadline_timer aes xsave rdrand lahf_lm abm 3dnowprefetch cpuid_fault invpcid_single pti ssbd ibrs ibpb stibp tpr_shadow vnmi flexpriority ept vpid ept_ad fsgsbase tsc_adjust smep erms invpcid mpx rdseed smap clflushopt intel_pt xsaveopt xsavec xgetbv1 xsaves dtherm arat pln pts hwp hwp_notify hwp_act_window hwp_epp md_clear flush_l1d
Online cpus:
0-3
Offline cpus:

BIOS frequency limitation:
<Not Available>
Frequency switch latency (ns):
0
Available cpu frequencies:
<Not Available>
Current governor:
powersave
Core performance/turbo boost:
<Not Available>

Memory: 4k page, physical 8036000k(704132k free), swap 2097148k(1063932k free)

vm_info: OpenJDK 64-Bit Server VM (11.0.11+9-LTS) for linux-amd64 JRE (Zulu11.48+21-CA) (11.0.11+9-LTS), built on Apr  4 2021 18:13:37 by "zulu_re" with gcc 4.9.2 20150212 (Red Hat 4.9.2-6)

END.
